#
# There is insufficient memory for the Java Runtime Environment to continue.
# Native memory allocation (malloc) failed to allocate 17502208 bytes for committing reserved memory.
# Possible reasons:
#   The system is out of physical RAM or swap space
#   In 32 bit mode, the process size limit was hit
# Possible solutions:
#   Reduce memory load on the system
#   Increase physical memory or swap space
#   Check if swap backing store is full
#   Use 64 bit Java on a 64 bit OS
#   Decrease Java heap size (-Xmx/-Xms)
#   Decrease number of Java threads
#   Decrease Java thread stack sizes (-Xss)
#   Set larger code cache with -XX:ReservedCodeCacheSize=
# This output file may be truncated or incomplete.
#
#  Out of Memory Error (os_linux.cpp:2809), pid=5909, tid=140539192690432
#
# JRE version: OpenJDK Runtime Environment (7.0_79-b14) (build 1.7.0_79-b14)
# Java VM: OpenJDK 64-Bit Server VM (24.79-b02 mixed mode linux-amd64 compressed oops)
# Derivative: IcedTea 2.5.5
# Distribution: Ubuntu 12.04 LTS, package 7u79-2.5.5-0ubuntu0.12.04.1
# Failed to write core dump. Core dumps have been disabled. To enable core dumping, try "ulimit -c unlimited" before starting Java again
#

---------------  T H R E A D  ---------------

Current thread (0x00007fd1d806b800):  VMThread [stack: 0x00007fd1d4984000,0x00007fd1d4a85000] [id=5911]

Stack: [0x00007fd1d4984000,0x00007fd1d4a85000],  sp=0x00007fd1d4a832d0,  free space=1020k
Native frames: (J=compiled Java code, j=interpreted, Vv=VM code, C=native code)
V  [libjvm.so+0x9263d3]  VMError::report_and_die()+0x173
V  [libjvm.so+0x488c30]  report_vm_out_of_memory(char const*, int, unsigned long, char const*)+0x70
V  [libjvm.so+0x7ab3e3]  os::pd_commit_memory(char*, unsigned long, unsigned long, bool)+0x103
V  [libjvm.so+0x7a50b6]  os::commit_memory(char*, unsigned long, unsigned long, bool)+0x26
V  [libjvm.so+0x92357c]  VirtualSpace::expand_by(unsigned long, bool)+0x1bc
V  [libjvm.so+0x556745]  OneContigSpaceCardGeneration::grow_by(unsigned long)+0x25
V  [libjvm.so+0x5569ad]  OneContigSpaceCardGeneration::expand(unsigned long, unsigned long)+0x9d
V  [libjvm.so+0x547ea0]  GenCollectedHeap::do_collection(bool, bool, unsigned long, bool, int)+0x7b0
V  [libjvm.so+0x424517]  GenCollectorPolicy::satisfy_failed_allocation(unsigned long, bool)+0x107
V  [libjvm.so+0x9275dd]  VM_GenCollectForAllocation::doit()+0x8d
V  [libjvm.so+0x92c462]  VM_Operation::evaluate()+0x52
V  [libjvm.so+0x92aaed]  VMThread::evaluate_operation(VM_Operation*)+0x9d
V  [libjvm.so+0x92b1b6]  VMThread::loop()+0x1c6
V  [libjvm.so+0x92b622]  VMThread::run()+0x72
V  [libjvm.so+0x7a7e42]  java_start(Thread*)+0x132

VM_Operation (0x00007fd1df454370): GenCollectForAllocation, mode: safepoint, requested by thread 0x00007fd1d800a000


---------------  P R O C E S S  ---------------

Java Threads: ( => current thread )
  0x00007fd1d83e9800 JavaThread "weakref reaper" daemon [_thread_blocked, id=5921, stack(0x00007fd1ac0d9000,0x00007fd1ac1da000)]
  0x00007fd1d8afd000 JavaThread "AWT-XAWT" daemon [_thread_blocked, id=5920, stack(0x00007fd1adff5000,0x00007fd1ae0f6000)]
  0x00007fd1d8ae1000 JavaThread "Java2D Disposer" daemon [_thread_blocked, id=5919, stack(0x00007fd1ae506000,0x00007fd1ae607000)]
  0x00007fd1d80a4000 JavaThread "Service Thread" daemon [_thread_blocked, id=5917, stack(0x00007fd1d4079000,0x00007fd1d417a000)]
  0x00007fd1d80a1000 JavaThread "C2 CompilerThread1" daemon [_thread_blocked, id=5916, stack(0x00007fd1d417a000,0x00007fd1d427b000)]
  0x00007fd1d809f000 JavaThread "C2 CompilerThread0" daemon [_thread_blocked, id=5915, stack(0x00007fd1d427b000,0x00007fd1d437c000)]
  0x00007fd1d809d000 JavaThread "Signal Dispatcher" daemon [_thread_blocked, id=5914, stack(0x00007fd1d437c000,0x00007fd1d447d000)]
  0x00007fd1d8072000 JavaThread "Finalizer" daemon [_thread_blocked, id=5913, stack(0x00007fd1d4782000,0x00007fd1d4883000)]
  0x00007fd1d8070000 JavaThread "Reference Handler" daemon [_thread_blocked, id=5912, stack(0x00007fd1d4883000,0x00007fd1d4984000)]
  0x00007fd1d800a000 JavaThread "MainThread" [_thread_blocked, id=5910, stack(0x00007fd1df358000,0x00007fd1df459000)]

Other Threads:
=>0x00007fd1d806b800 VMThread [stack: 0x00007fd1d4984000,0x00007fd1d4a85000] [id=5911]
  0x00007fd1d80af000 WatcherThread [stack: 0x00007fd1b7eff000,0x00007fd1b8000000] [id=5918]

VM state:at safepoint (normal execution)

VM Mutex/Monitor currently owned by a thread:  ([mutex/lock_event])
[0x00007fd1d8006810] Threads_lock - owner thread: 0x00007fd1d806b800
[0x00007fd1d8006d10] Heap_lock - owner thread: 0x00007fd1d800a000

Heap
 def new generation   total 11136K, used 0K [0x00000000d6800000, 0x00000000d7410000, 0x00000000e0e00000)
  eden space 9920K,   0% used [0x00000000d6800000, 0x00000000d6800000, 0x00000000d71b0000)
  from space 1216K,   0% used [0x00000000d71b0000, 0x00000000d71b0000, 0x00000000d72e0000)
  to   space 1216K,   0% used [0x00000000d72e0000, 0x00000000d72e0000, 0x00000000d7410000)
 tenured generation   total 31908K, used 29399K [0x00000000e0e00000, 0x00000000e2d29000, 0x00000000f5a00000)
   the space 31908K,  92% used [0x00000000e0e00000, 0x00000000e2ab5e08, 0x00000000e2ab6000, 0x00000000e2d29000)
 compacting perm gen  total 24896K, used 24703K [0x00000000f5a00000, 0x00000000f7250000, 0x0000000100000000)
   the space 24896K,  99% used [0x00000000f5a00000, 0x00000000f721feb0, 0x00000000f7220000, 0x00000000f7250000)
No shared spaces configured.

Card table byte_map: [0x00007fd1dc091000,0x00007fd1dc1de000] byte_map_base: 0x00007fd1db9dd000

Polling page: 0x00007fd1df471000

Code Cache  [0x00007fd1d4df7000, 0x00007fd1d5067000, 0x00007fd1d7df7000)
 total_blobs=850 nmethods=399 adapters=405 free_code_cache=46842Kb largest_free_block=47928512

Compilation events (10 events):
Event: 11.099 Thread 0x00007fd1d80a1000 nmethod 412 0x00007fd1d5034950 code [0x00007fd1d5034dc0, 0x00007fd1d5036fb0]
Event: 11.099 Thread 0x00007fd1d80a1000  416             org.python.antlr.PythonParser$test_return::<init> (5 bytes)
Event: 11.099 Thread 0x00007fd1d80a1000 nmethod 416 0x00007fd1d4fb7990 code [0x00007fd1d4fb7ac0, 0x00007fd1d4fb7b18]
Event: 11.135 Thread 0x00007fd1d809f000 nmethod 415 0x00007fd1d5039a90 code [0x00007fd1d503a100, 0x00007fd1d503d120]
Event: 11.574 Thread 0x00007fd1d80a1000  417             sun.java2d.loops.GraphicsPrimitive::getUniqueID (5 bytes)
Event: 11.574 Thread 0x00007fd1d80a1000 nmethod 417 0x00007fd1d4fe1350 code [0x00007fd1d4fe1480, 0x00007fd1d4fe14d8]
Event: 11.625 Thread 0x00007fd1d809f000  418             java.util.Arrays::binarySearch0 (95 bytes)
Event: 11.625 Thread 0x00007fd1d80a1000  419             sun.java2d.loops.GraphicsPrimitiveMgr$2::compare (39 bytes)
Event: 11.626 Thread 0x00007fd1d80a1000 nmethod 419 0x00007fd1d501b7d0 code [0x00007fd1d501b920, 0x00007fd1d501b9f8]
Event: 11.626 Thread 0x00007fd1d809f000 nmethod 418 0x00007fd1d501ce10 code [0x00007fd1d501cf60, 0x00007fd1d501d118]

GC Heap History (10 events):
Event: 9.185 GC heap after
Heap after GC invocations=32 (full 2):
 def new generation   total 6656K, used 704K [0x00000000d6800000, 0x00000000d6f30000, 0x00000000e0e00000)
  eden space 5952K,   0% used [0x00000000d6800000, 0x00000000d6800000, 0x00000000d6dd0000)
  from space 704K, 100% used [0x00000000d6e80000, 0x00000000d6f30000, 0x00000000d6f30000)
  to   space 704K,   0% used [0x00000000d6dd0000, 0x00000000d6dd0000, 0x00000000d6e80000)
 tenured generation   total 14632K, used 9415K [0x00000000e0e00000, 0x00000000e1c4a000, 0x00000000f5a00000)
   the space 14632K,  64% used [0x00000000e0e00000, 0x00000000e1731d30, 0x00000000e1731e00, 0x00000000e1c4a000)
 compacting perm gen  total 24448K, used 24391K [0x00000000f5a00000, 0x00000000f71e0000, 0x0000000100000000)
   the space 24448K,  99% used [0x00000000f5a00000, 0x00000000f71d1f88, 0x00000000f71d2000, 0x00000000f71e0000)
No shared spaces configured.
}
Event: 9.254 GC heap before
{Heap before GC invocations=32 (full 2):
 def new generation   total 6656K, used 6656K [0x00000000d6800000, 0x00000000d6f30000, 0x00000000e0e00000)
  eden space 5952K, 100% used [0x00000000d6800000, 0x00000000d6dd0000, 0x00000000d6dd0000)
  from space 704K, 100% used [0x00000000d6e80000, 0x00000000d6f30000, 0x00000000d6f30000)
  to   space 704K,   0% used [0x00000000d6dd0000, 0x00000000d6dd0000, 0x00000000d6e80000)
 tenured generation   total 14632K, used 9415K [0x00000000e0e00000, 0x00000000e1c4a000, 0x00000000f5a00000)
   the space 14632K,  64% used [0x00000000e0e00000, 0x00000000e1731d30, 0x00000000e1731e00, 0x00000000e1c4a000)
 compacting perm gen  total 24448K, used 24443K [0x00000000f5a00000, 0x00000000f71e0000, 0x0000000100000000)
   the space 24448K,  99% used [0x00000000f5a00000, 0x00000000f71dedb8, 0x00000000f71dee00, 0x00000000f71e0000)
No shared spaces configured.
Event: 9.257 GC heap after
Heap after GC invocations=33 (full 2):
 def new generation   total 6656K, used 653K [0x00000000d6800000, 0x00000000d6f30000, 0x00000000e0e00000)
  eden space 5952K,   0% used [0x00000000d6800000, 0x00000000d6800000, 0x00000000d6dd0000)
  from space 704K,  92% used [0x00000000d6dd0000, 0x00000000d6e73448, 0x00000000d6e80000)
  to   space 704K,   0% used [0x00000000d6e80000, 0x00000000d6e80000, 0x00000000d6f30000)
 tenured generation   total 14632K, used 9703K [0x00000000e0e00000, 0x00000000e1c4a000, 0x00000000f5a00000)
   the space 14632K,  66% used [0x00000000e0e00000, 0x00000000e1779eb8, 0x00000000e177a000, 0x00000000e1c4a000)
 compacting perm gen  total 24448K, used 24443K [0x00000000f5a00000, 0x00000000f71e0000, 0x0000000100000000)
   the space 24448K,  99% used [0x00000000f5a00000, 0x00000000f71dedb8, 0x00000000f71dee00, 0x00000000f71e0000)
No shared spaces configured.
}
Event: 9.472 GC heap before
{Heap before GC invocations=33 (full 2):
 def new generation   total 6656K, used 6519K [0x00000000d6800000, 0x00000000d6f30000, 0x00000000e0e00000)
  eden space 5952K,  98% used [0x00000000d6800000, 0x00000000d6dba948, 0x00000000d6dd0000)
  from space 704K,  92% used [0x00000000d6dd0000, 0x00000000d6e73448, 0x00000000d6e80000)
  to   space 704K,   0% used [0x00000000d6e80000, 0x00000000d6e80000, 0x00000000d6f30000)
 tenured generation   total 14632K, used 9703K [0x00000000e0e00000, 0x00000000e1c4a000, 0x00000000f5a00000)
   the space 14632K,  66% used [0x00000000e0e00000, 0x00000000e1779eb8, 0x00000000e177a000, 0x00000000e1c4a000)
 compacting perm gen  total 24768K, used 24717K [0x00000000f5a00000, 0x00000000f7230000, 0x0000000100000000)
   the space 24768K,  99% used [0x00000000f5a00000, 0x00000000f72236d8, 0x00000000f7223800, 0x00000000f7230000)
No shared spaces configured.
Event: 9.518 GC heap after
Heap after GC invocations=34 (full 3):
 def new generation   total 6656K, used 0K [0x00000000d6800000, 0x00000000d6f30000, 0x00000000e0e00000)
  eden space 5952K,   0% used [0x00000000d6800000, 0x00000000d6800000, 0x00000000d6dd0000)
  from space 704K,   0% used [0x00000000d6e80000, 0x00000000d6e80000, 0x00000000d6f30000)
  to   space 704K,   0% used [0x00000000d6dd0000, 0x00000000d6dd0000, 0x00000000d6e80000)
 tenured generation   total 14632K, used 8227K [0x00000000e0e00000, 0x00000000e1c4a000, 0x00000000f5a00000)
   the space 14632K,  56% used [0x00000000e0e00000, 0x00000000e1608cf8, 0x00000000e1608e00, 0x00000000e1c4a000)
 compacting perm gen  total 24768K, used 24717K [0x00000000f5a00000, 0x00000000f7230000, 0x0000000100000000)
   the space 24768K,  99% used [0x00000000f5a00000, 0x00000000f72236d8, 0x00000000f7223800, 0x00000000f7230000)
No shared spaces configured.
}
Event: 11.459 GC heap before
{Heap before GC invocations=34 (full 3):
 def new generation   total 6656K, used 110K [0x00000000d6800000, 0x00000000d6f30000, 0x00000000e0e00000)
  eden space 5952K,   1% used [0x00000000d6800000, 0x00000000d681b8b8, 0x00000000d6dd0000)
  from space 704K,   0% used [0x00000000d6e80000, 0x00000000d6e80000, 0x00000000d6f30000)
  to   space 704K,   0% used [0x00000000d6dd0000, 0x00000000d6dd0000, 0x00000000d6e80000)
 tenured generation   total 21956K, used 15547K [0x00000000e0e00000, 0x00000000e2371000, 0x00000000f5a00000)
   the space 21956K,  70% used [0x00000000e0e00000, 0x00000000e1d2ed08, 0x00000000e1d2ee00, 0x00000000e2371000)
 compacting perm gen  total 25088K, used 24975K [0x00000000f5a00000, 0x00000000f7280000, 0x0000000100000000)
   the space 25088K,  99% used [0x00000000f5a00000, 0x00000000f7263da8, 0x00000000f7263e00, 0x00000000f7280000)
No shared spaces configured.
Event: 11.537 GC heap after
Heap after GC invocations=35 (full 4):
 def new generation   total 11136K, used 0K [0x00000000d6800000, 0x00000000d7410000, 0x00000000e0e00000)
  eden space 9920K,   0% used [0x00000000d6800000, 0x00000000d6800000, 0x00000000d71b0000)
  from space 1216K,   0% used [0x00000000d71b0000, 0x00000000d71b0000, 0x00000000d72e0000)
  to   space 1216K,   0% used [0x00000000d72e0000, 0x00000000d72e0000, 0x00000000d7410000)
 tenured generation   total 24584K, used 14748K [0x00000000e0e00000, 0x00000000e2602000, 0x00000000f5a00000)
   the space 24584K,  59% used [0x00000000e0e00000, 0x00000000e1c671a8, 0x00000000e1c67200, 0x00000000e2602000)
 compacting perm gen  total 24576K, used 24568K [0x00000000f5a00000, 0x00000000f7200000, 0x0000000100000000)
   the space 24576K,  99% used [0x00000000f5a00000, 0x00000000f71fe2a8, 0x00000000f71fe400, 0x00000000f7200000)
No shared spaces configured.
}
Event: 11.613 GC heap before
{Heap before GC invocations=35 (full 4):
 def new generation   total 11136K, used 7503K [0x00000000d6800000, 0x00000000d7410000, 0x00000000e0e00000)
  eden space 9920K,  75% used [0x00000000d6800000, 0x00000000d6f53e50, 0x00000000d71b0000)
  from space 1216K,   0% used [0x00000000d71b0000, 0x00000000d71b0000, 0x00000000d72e0000)
  to   space 1216K,   0% used [0x00000000d72e0000, 0x00000000d72e0000, 0x00000000d7410000)
 tenured generation   total 24584K, used 14748K [0x00000000e0e00000, 0x00000000e2602000, 0x00000000f5a00000)
   the space 24584K,  59% used [0x00000000e0e00000, 0x00000000e1c671a8, 0x00000000e1c67200, 0x00000000e2602000)
 compacting perm gen  total 24896K, used 24703K [0x00000000f5a00000, 0x00000000f7250000, 0x0000000100000000)
   the space 24896K,  99% used [0x00000000f5a00000, 0x00000000f721fe08, 0x00000000f7220000, 0x00000000f7250000)
No shared spaces configured.
Event: 11.622 GC heap after
Heap after GC invocations=36 (full 4):
 def new generation   total 11136K, used 10K [0x00000000d6800000, 0x00000000d7410000, 0x00000000e0e00000)
  eden space 9920K,   0% used [0x00000000d6800000, 0x00000000d6800000, 0x00000000d71b0000)
  from space 1216K,   0% used [0x00000000d72e0000, 0x00000000d72e2970, 0x00000000d7410000)
  to   space 1216K,   0% used [0x00000000d71b0000, 0x00000000d71b0000, 0x00000000d72e0000)
 tenured generation   total 24584K, used 22068K [0x00000000e0e00000, 0x00000000e2602000, 0x00000000f5a00000)
   the space 24584K,  89% used [0x00000000e0e00000, 0x00000000e238d1b8, 0x00000000e238d200, 0x00000000e2602000)
 compacting perm gen  total 24896K, used 24703K [0x00000000f5a00000, 0x00000000f7250000, 0x0000000100000000)
   the space 24896K,  99% used [0x00000000f5a00000, 0x00000000f721fe08, 0x00000000f7220000, 0x00000000f7250000)
No shared spaces configured.
}
Event: 11.635 GC heap before
{Heap before GC invocations=36 (full 4):
 def new generation   total 11136K, used 7451K [0x00000000d6800000, 0x00000000d7410000, 0x00000000e0e00000)
  eden space 9920K,  75% used [0x00000000d6800000, 0x00000000d6f44428, 0x00000000d71b0000)
  from space 1216K,   0% used [0x00000000d72e0000, 0x00000000d72e2970, 0x00000000d7410000)
  to   space 1216K,   0% used [0x00000000d71b0000, 0x00000000d71b0000, 0x00000000d72e0000)
 tenured generation   total 24584K, used 22068K [0x00000000e0e00000, 0x00000000e2602000, 0x00000000f5a00000)
   the space 24584K,  89% used [0x00000000e0e00000, 0x00000000e238d1b8, 0x00000000e238d200, 0x00000000e2602000)
 compacting perm gen  total 24896K, used 24703K [0x00000000f5a00000, 0x00000000f7250000, 0x0000000100000000)
   the space 24896K,  99% used [0x00000000f5a00000, 0x00000000f721feb0, 0x00000000f7220000, 0x00000000f7250000)
No shared spaces configured.

Deoptimization events (10 events):
Event: 7.542 Thread 0x00007fd1d800a000 Uncommon trap: reason=unreached action=reinterpret pc=0x00007fd1d4e793b8 method=java.util.HashMap.get(Ljava/lang/Object;)Ljava/lang/Object; @ 1
Event: 7.542 Thread 0x00007fd1d800a000 Uncommon trap: reason=unreached action=reinterpret pc=0x00007fd1d4edf9c4 method=java.util.HashMap.put(Ljava/lang/Object;Ljava/lang/Object;)Ljava/lang/Object; @ 19
Event: 7.982 Thread 0x00007fd1d800a000 Uncommon trap: reason=unreached action=reinterpret pc=0x00007fd1d4f245f4 method=org.python.core.PyObject.__getattr__(Ljava/lang/String;)Lorg/python/core/PyObject; @ 7
Event: 8.109 Thread 0x00007fd1d800a000 Uncommon trap: reason=unreached action=reinterpret pc=0x00007fd1d4ed1528 method=org.python.core.PyInstance.ifindlocal(Ljava/lang/String;)Lorg/python/core/PyObject; @ 3
Event: 8.109 Thread 0x00007fd1d800a000 Uncommon trap: reason=class_check action=maybe_recompile pc=0x00007fd1d4f25968 method=org.python.core.PyInstance.__findattr_ex__(Ljava/lang/String;)Lorg/python/core/PyObject; @ 31
Event: 8.231 Thread 0x00007fd1d800a000 Uncommon trap: reason=class_check action=maybe_recompile pc=0x00007fd1d4f25174 method=java.util.RegularEnumSet.contains(Ljava/lang/Object;)Z @ 38
Event: 8.722 Thread 0x00007fd1d800a000 Uncommon trap: reason=class_check action=maybe_recompile pc=0x00007fd1d4f25174 method=java.util.RegularEnumSet.contains(Ljava/lang/Object;)Z @ 38
Event: 8.723 Thread 0x00007fd1d800a000 Uncommon trap: reason=class_check action=maybe_recompile pc=0x00007fd1d4f25174 method=java.util.RegularEnumSet.contains(Ljava/lang/Object;)Z @ 38
Event: 8.723 Thread 0x00007fd1d800a000 Uncommon trap: reason=class_check action=maybe_recompile pc=0x00007fd1d4f25174 method=java.util.RegularEnumSet.contains(Ljava/lang/Object;)Z @ 38
Event: 9.380 Thread 0x00007fd1d800a000 Uncommon trap: reason=class_check action=maybe_recompile pc=0x00007fd1d4f25968 method=org.python.core.PyInstance.__findattr_ex__(Ljava/lang/String;)Lorg/python/core/PyObject; @ 31

Internal exceptions (10 events):
Event: 9.411 Thread 0x00007fd1d800a000 Threw 0x00000000d6d07600 at /build/buildd/openjdk-7-7u79-2.5.5/build/openjdk/hotspot/src/share/vm/prims/jvm.cpp:1284
Event: 9.412 Thread 0x00007fd1d800a000 Threw 0x00000000d6d0ae00 at /build/buildd/openjdk-7-7u79-2.5.5/build/openjdk/hotspot/src/share/vm/prims/jvm.cpp:1284
Event: 9.412 Thread 0x00007fd1d800a000 Threw 0x00000000d6d0e638 at /build/buildd/openjdk-7-7u79-2.5.5/build/openjdk/hotspot/src/share/vm/prims/jvm.cpp:1284
Event: 9.412 Thread 0x00007fd1d800a000 Threw 0x00000000d6d11e10 at /build/buildd/openjdk-7-7u79-2.5.5/build/openjdk/hotspot/src/share/vm/prims/jvm.cpp:1284
Event: 9.430 Thread 0x00007fd1d800a000 Threw 0x00000000d6d15530 at /build/buildd/openjdk-7-7u79-2.5.5/build/openjdk/hotspot/src/share/vm/prims/jvm.cpp:1284
Event: 9.435 Thread 0x00007fd1d800a000 Threw 0x00000000d6d72e20 at /build/buildd/openjdk-7-7u79-2.5.5/build/openjdk/hotspot/src/share/vm/prims/jvm.cpp:1284
Event: 9.451 Thread 0x00007fd1d800a000 Threw 0x00000000d6d79bc0 at /build/buildd/openjdk-7-7u79-2.5.5/build/openjdk/hotspot/src/share/vm/prims/jvm.cpp:1284
Event: 11.302 Thread 0x00007fd1d800a000 Threw 0x00000000d6802078 at /build/buildd/openjdk-7-7u79-2.5.5/build/openjdk/hotspot/src/share/vm/prims/jvm.cpp:1284
Event: 11.338 Thread 0x00007fd1d800a000 Threw 0x00000000d6808150 at /build/buildd/openjdk-7-7u79-2.5.5/build/openjdk/hotspot/src/share/vm/prims/jvm.cpp:1284
Event: 11.425 Thread 0x00007fd1d800a000 Threw 0x00000000d6813228 at /build/buildd/openjdk-7-7u79-2.5.5/build/openjdk/hotspot/src/share/vm/prims/jvm.cpp:1284

Events (10 events):
Event: 11.610 loading class 0x00007fd1c47a93e0 done
Event: 11.611 loading class 0x00007fd1d876f4d0
Event: 11.611 loading class 0x00007fd1d876f4d0 done
Event: 11.611 loading class 0x00007fd1c47ab7a0
Event: 11.611 loading class 0x00007fd1c47ab7a0 done
Event: 11.612 loading class 0x00007fd1b9ad5fd0
Event: 11.612 loading class 0x00007fd1b9ad5fd0 done
Event: 11.613 Executing VM operation: GenCollectForAllocation
Event: 11.622 Executing VM operation: GenCollectForAllocation done
Event: 11.635 Executing VM operation: GenCollectForAllocation


Dynamic libraries:
00400000-00401000 r-xp 00000000 fc:00 656946                             /usr/lib/jvm/java-7-openjdk-amd64/jre/bin/java
00600000-00601000 r--p 00000000 fc:00 656946                             /usr/lib/jvm/java-7-openjdk-amd64/jre/bin/java
00601000-00602000 rw-p 00001000 fc:00 656946                             /usr/lib/jvm/java-7-openjdk-amd64/jre/bin/java
015d9000-015fa000 rw-p 00000000 00:00 0                                  [heap]
d6800000-d7410000 rw-p 00000000 00:00 0 
d7410000-e0e00000 rw-p 00000000 00:00 0 
e0e00000-e2d29000 rw-p 00000000 00:00 0 
e3dda000-f5a00000 rw-p 00000000 00:00 0 
f5a00000-f7250000 rw-p 00000000 00:00 0 
f7250000-f7280000 ---p 00000000 00:00 0 
f7280000-100000000 rw-p 00000000 00:00 0 
7fd194000000-7fd194021000 rw-p 00000000 00:00 0 
7fd194021000-7fd198000000 ---p 00000000 00:00 0 
7fd19bb54000-7fd19bb5a000 r-xp 00000000 fc:00 657467                     /usr/lib/x86_64-linux-gnu/jni/libVDictProxy.so
7fd19bb5a000-7fd19bd59000 ---p 00006000 fc:00 657467                     /usr/lib/x86_64-linux-gnu/jni/libVDictProxy.so
7fd19bd59000-7fd19bd5a000 r--p 00005000 fc:00 657467                     /usr/lib/x86_64-linux-gnu/jni/libVDictProxy.so
7fd19bd5a000-7fd19bd5b000 rw-p 00006000 fc:00 657467                     /usr/lib/x86_64-linux-gnu/jni/libVDictProxy.so
7fd19bd5b000-7fd19bd7c000 r-xp 00000000 fc:00 3413487                    /usr/lib/x86_64-linux-gnu/libv4lconvert.so.0
7fd19bd7c000-7fd19bf7b000 ---p 00021000 fc:00 3413487                    /usr/lib/x86_64-linux-gnu/libv4lconvert.so.0
7fd19bf7b000-7fd19bf7d000 r--p 00020000 fc:00 3413487                    /usr/lib/x86_64-linux-gnu/libv4lconvert.so.0
7fd19bf7d000-7fd19bf7e000 rw-p 00022000 fc:00 3413487                    /usr/lib/x86_64-linux-gnu/libv4lconvert.so.0
7fd19bf7e000-7fd19bfd0000 rw-p 00000000 00:00 0 
7fd19bfd0000-7fd19c045000 r-xp 00000000 fc:00 3414082                    /usr/lib/x86_64-linux-gnu/liborc-0.4.so.0.16.0
7fd19c045000-7fd19c244000 ---p 00075000 fc:00 3414082                    /usr/lib/x86_64-linux-gnu/liborc-0.4.so.0.16.0
7fd19c244000-7fd19c246000 r--p 00074000 fc:00 3414082                    /usr/lib/x86_64-linux-gnu/liborc-0.4.so.0.16.0
7fd19c246000-7fd19c24b000 rw-p 00076000 fc:00 3414082                    /usr/lib/x86_64-linux-gnu/liborc-0.4.so.0.16.0
7fd19c24b000-7fd19c251000 r-xp 00000000 fc:00 3414806                    /usr/lib/x86_64-linux-gnu/libogg.so.0.7.1
7fd19c251000-7fd19c450000 ---p 00006000 fc:00 3414806                    /usr/lib/x86_64-linux-gnu/libogg.so.0.7.1
7fd19c450000-7fd19c451000 r--p 00005000 fc:00 3414806                    /usr/lib/x86_64-linux-gnu/libogg.so.0.7.1
7fd19c451000-7fd19c452000 rw-p 00006000 fc:00 3414806                    /usr/lib/x86_64-linux-gnu/libogg.so.0.7.1
7fd19c452000-7fd19c45a000 r-xp 00000000 fc:00 3413173                    /usr/lib/x86_64-linux-gnu/libxcb-render.so.0.0.0
7fd19c45a000-7fd19c65a000 ---p 00008000 fc:00 3413173                    /usr/lib/x86_64-linux-gnu/libxcb-render.so.0.0.0
7fd19c65a000-7fd19c65b000 r--p 00008000 fc:00 3413173                    /usr/lib/x86_64-linux-gnu/libxcb-render.so.0.0.0
7fd19c65b000-7fd19c65c000 rw-p 00009000 fc:00 3413173                    /usr/lib/x86_64-linux-gnu/libxcb-render.so.0.0.0
7fd19c65c000-7fd19c65e000 r-xp 00000000 fc:00 3413178                    /usr/lib/x86_64-linux-gnu/libxcb-shm.so.0.0.0
7fd19c65e000-7fd19c85d000 ---p 00002000 fc:00 3413178                    /usr/lib/x86_64-linux-gnu/libxcb-shm.so.0.0.0
7fd19c85d000-7fd19c85e000 r--p 00001000 fc:00 3413178                    /usr/lib/x86_64-linux-gnu/libxcb-shm.so.0.0.0
7fd19c85e000-7fd19c85f000 rw-p 00002000 fc:00 3413178                    /usr/lib/x86_64-linux-gnu/libxcb-shm.so.0.0.0
7fd19c85f000-7fd19c8ef000 r-xp 00000000 fc:00 3413165                    /usr/lib/x86_64-linux-gnu/libpixman-1.so.0.30.2
7fd19c8ef000-7fd19caee000 ---p 00090000 fc:00 3413165                    /usr/lib/x86_64-linux-gnu/libpixman-1.so.0.30.2
7fd19caee000-7fd19caf5000 r--p 0008f000 fc:00 3413165                    /usr/lib/x86_64-linux-gnu/libpixman-1.so.0.30.2
7fd19caf5000-7fd19caf6000 rw-p 00096000 fc:00 3413165                    /usr/lib/x86_64-linux-gnu/libpixman-1.so.0.30.2
7fd19caf6000-7fd19cb56000 r-xp 00000000 fc:00 3415832                    /usr/lib/libopencv_flann.so.2.3.1
7fd19cb56000-7fd19cd56000 ---p 00060000 fc:00 3415832                    /usr/lib/libopencv_flann.so.2.3.1
7fd19cd56000-7fd19cd59000 r--p 00060000 fc:00 3415832                    /usr/lib/libopencv_flann.so.2.3.1
7fd19cd59000-7fd19cd5a000 rw-p 00063000 fc:00 3415832                    /usr/lib/libopencv_flann.so.2.3.1
7fd19cd5a000-7fd19cd62000 r-xp 00000000 fc:00 3413491                    /usr/lib/x86_64-linux-gnu/libv4l2.so.0
7fd19cd62000-7fd19cf61000 ---p 00008000 fc:00 3413491                    /usr/lib/x86_64-linux-gnu/libv4l2.so.0
7fd19cf61000-7fd19cf62000 r--p 00007000 fc:00 3413491                    /usr/lib/x86_64-linux-gnu/libv4l2.so.0
7fd19cf62000-7fd19cf66000 rw-p 00008000 fc:00 3413491                    /usr/lib/x86_64-linux-gnu/libv4l2.so.0
7fd19cf66000-7fd19cf74000 r-xp 00000000 fc:00 2752803                    /lib/x86_64-linux-gnu/libusb-1.0.so.0.1.0
7fd19cf74000-7fd19d173000 ---p 0000e000 fc:00 2752803                    /lib/x86_64-linux-gnu/libusb-1.0.so.0.1.0
7fd19d173000-7fd19d174000 r--p 0000d000 fc:00 2752803                    /lib/x86_64-linux-gnu/libusb-1.0.so.0.1.0
7fd19d174000-7fd19d175000 rw-p 0000e000 fc:00 2752803                    /lib/x86_64-linux-gnu/libusb-1.0.so.0.1.0
7fd19d175000-7fd19d182000 r-xp 00000000 fc:00 3417444                    /usr/lib/x86_64-linux-gnu/libraw1394.so.11.0.1
7fd19d182000-7fd19d382000 ---p 0000d000 fc:00 3417444                    /usr/lib/x86_64-linux-gnu/libraw1394.so.11.0.1
7fd19d382000-7fd19d383000 r--p 0000d000 fc:00 3417444                    /usr/lib/x86_64-linux-gnu/libraw1394.so.11.0.1
7fd19d383000-7fd19d384000 rw-p 0000e000 fc:00 3417444                    /usr/lib/x86_64-linux-gnu/libraw1394.so.11.0.1
7fd19d384000-7fd19d393000 r-xp 00000000 fc:00 2752517                    /lib/x86_64-linux-gnu/libbz2.so.1.0.4
7fd19d393000-7fd19d592000 ---p 0000f000 fc:00 2752517                    /lib/x86_64-linux-gnu/libbz2.so.1.0.4
7fd19d592000-7fd19d593000 r--p 0000e000 fc:00 2752517                    /lib/x86_64-linux-gnu/libbz2.so.1.0.4
7fd19d593000-7fd19d594000 rw-p 0000f000 fc:00 2752517                    /lib/x86_64-linux-gnu/libbz2.so.1.0.4
7fd19d594000-7fd19d5a4000 r-xp 00000000 fc:00 3415766                    /usr/lib/x86_64-linux-gnu/libva.so.1.3200.0
7fd19d5a4000-7fd19d7a3000 ---p 00010000 fc:00 3415766                    /usr/lib/x86_64-linux-gnu/libva.so.1.3200.0
7fd19d7a3000-7fd19d7a4000 r--p 0000f000 fc:00 3415766                    /usr/lib/x86_64-linux-gnu/libva.so.1.3200.0
7fd19d7a4000-7fd19d7a5000 rw-p 00010000 fc:00 3415766                    /usr/lib/x86_64-linux-gnu/libva.so.1.3200.0
7fd19d7a5000-7fd19d7aa000 rw-p 00000000 00:00 0 
7fd19d7aa000-7fd19d7b6000 r-xp 00000000 fc:00 3415758                    /usr/lib/libgsm.so.1.0.12
7fd19d7b6000-7fd19d9b6000 ---p 0000c000 fc:00 3415758                    /usr/lib/libgsm.so.1.0.12
7fd19d9b6000-7fd19d9b7000 r--p 0000c000 fc:00 3415758                    /usr/lib/libgsm.so.1.0.12
7fd19d9b7000-7fd19d9b8000 rw-p 0000d000 fc:00 3415758                    /usr/lib/libgsm.so.1.0.12
7fd19d9b8000-7fd19da67000 r-xp 00000000 fc:00 3415762                    /usr/lib/libschroedinger-1.0.so.0.11.0
7fd19da67000-7fd19dc67000 ---p 000af000 fc:00 3415762                    /usr/lib/libschroedinger-1.0.so.0.11.0
7fd19dc67000-7fd19dc69000 r--p 000af000 fc:00 3415762                    /usr/lib/libschroedinger-1.0.so.0.11.0
7fd19dc69000-7fd19dc6a000 rw-p 000b1000 fc:00 3415762                    /usr/lib/libschroedinger-1.0.so.0.11.0
7fd19dc6a000-7fd19dc6b000 rw-p 00000000 00:00 0 
7fd19dc6b000-7fd19dc82000 r-xp 00000000 fc:00 3417476                    /usr/lib/x86_64-linux-gnu/libspeex.so.1.5.0
7fd19dc82000-7fd19de82000 ---p 00017000 fc:00 3417476                    /usr/lib/x86_64-linux-gnu/libspeex.so.1.5.0
7fd19de82000-7fd19de83000 r--p 00017000 fc:00 3417476                    /usr/lib/x86_64-linux-gnu/libspeex.so.1.5.0
7fd19de83000-7fd19de84000 rw-p 00018000 fc:00 3417476                    /usr/lib/x86_64-linux-gnu/libspeex.so.1.5.0
7fd19de84000-7fd19de9d000 r-xp 00000000 fc:00 3414810                    /usr/lib/x86_64-linux-gnu/libtheoradec.so.1.1.4
7fd19de9d000-7fd19e09d000 ---p 00019000 fc:00 3414810                    /usr/lib/x86_64-linux-gnu/libtheoradec.so.1.1.4
7fd19e09d000-7fd19e09e000 r--p 00019000 fc:00 3414810                    /usr/lib/x86_64-linux-gnu/libtheoradec.so.1.1.4
7fd19e09e000-7fd19e09f000 rw-p 0001a000 fc:00 3414810                    /usr/lib/x86_64-linux-gnu/libtheoradec.so.1.1.4
7fd19e09f000-7fd19e0da000 r-xp 00000000 fc:00 3414808                    /usr/lib/x86_64-linux-gnu/libtheoraenc.so.1.1.2
7fd19e0da000-7fd19e2da000 ---p 0003b000 fc:00 3414808                    /usr/lib/x86_64-linux-gnu/libtheoraenc.so.1.1.2
7fd19e2da000-7fd19e2db000 r--p 0003b000 fc:00 3414808                    /usr/lib/x86_64-linux-gnu/libtheoraenc.so.1.1.2
7fd19e2db000-7fd19e2dc000 rw-p 0003c000 fc:00 3414808                    /usr/lib/x86_64-linux-gnu/libtheoraenc.so.1.1.2
7fd19e2dc000-7fd19e307000 r-xp 00000000 fc:00 3414817                    /usr/lib/x86_64-linux-gnu/libvorbis.so.0.4.5
7fd19e307000-7fd19e506000 ---p 0002b000 fc:00 3414817                    /usr/lib/x86_64-linux-gnu/libvorbis.so.0.4.5
7fd19e506000-7fd19e507000 r--p 0002a000 fc:00 3414817                    /usr/lib/x86_64-linux-gnu/libvorbis.so.0.4.5
7fd19e507000-7fd19e508000 rw-p 0002b000 fc:00 3414817                    /usr/lib/x86_64-linux-gnu/libvorbis.so.0.4.5
7fd19e508000-7fd19e7bb000 r-xp 00000000 fc:00 3414819                    /usr/lib/x86_64-linux-gnu/libvorbisenc.so.2.0.8
7fd19e7bb000-7fd19e9ba000 ---p 002b3000 fc:00 3414819                    /usr/lib/x86_64-linux-gnu/libvorbisenc.so.2.0.8
7fd19e9ba000-7fd19e9d6000 r--p 002b2000 fc:00 3414819                    /usr/lib/x86_64-linux-gnu/libvorbisenc.so.2.0.8
7fd19e9d6000-7fd19e9d7000 rw-p 002ce000 fc:00 3414819                    /usr/lib/x86_64-linux-gnu/libvorbisenc.so.2.0.8
7fd19e9d7000-7fd19ea70000 r-xp 00000000 fc:00 3415770                    /usr/lib/libvpx.so.1.0.0
7fd19ea70000-7fd19ec6f000 ---p 00099000 fc:00 3415770                    /usr/lib/libvpx.so.1.0.0
7fd19ec6f000-7fd19ec71000 r--p 00098000 fc:00 3415770                    /usr/lib/libvpx.so.1.0.0
7fd19ec71000-7fd19ec72000 rw-p 0009a000 fc:00 3415770                    /usr/lib/libvpx.so.1.0.0
7fd19ec72000-7fd19ec7c000 rw-p 00000000 00:00 0 
7fd19ec7c000-7fd19ec7e000 r-xp 00000000 fc:00 3414046                    /usr/lib/x86_64-linux-gnu/libXdamage.so.1.1.0
7fd19ec7e000-7fd19ee7d000 ---p 00002000 fc:00 3414046                    /usr/lib/x86_64-linux-gnu/libXdamage.so.1.1.0
7fd19ee7d000-7fd19ee7e000 r--p 00001000 fc:00 3414046                    /usr/lib/x86_64-linux-gnu/libXdamage.so.1.1.0
7fd19ee7e000-7fd19ee7f000 rw-p 00002000 fc:00 3414046                    /usr/lib/x86_64-linux-gnu/libXdamage.so.1.1.0
7fd19ee7f000-7fd19ee81000 r-xp 00000000 fc:00 3414040                    /usr/lib/x86_64-linux-gnu/libXcomposite.so.1.0.0
7fd19ee81000-7fd19f080000 ---p 00002000 fc:00 3414040                    /usr/lib/x86_64-linux-gnu/libXcomposite.so.1.0.0
7fd19f080000-7fd19f081000 r--p 00001000 fc:00 3414040                    /usr/lib/x86_64-linux-gnu/libXcomposite.so.1.0.0
7fd19f081000-7fd19f082000 rw-p 00002000 fc:00 3414040                    /usr/lib/x86_64-linux-gnu/libXcomposite.so.1.0.0
7fd19f082000-7fd19f089000 r-xp 00000000 fc:00 3414052                    /usr/lib/x86_64-linux-gnu/libXrandr.so.2.2.0
7fd19f089000-7fd19f288000 ---p 00007000 fc:00 3414052                    /usr/lib/x86_64-linux-gnu/libXrandr.so.2.2.0
7fd19f288000-7fd19f289000 r--p 00006000 fc:00 3414052                    /usr/lib/x86_64-linux-gnu/libXrandr.so.2.2.0
7fd19f289000-7fd19f28a000 rw-p 00007000 fc:00 3414052                    /usr/lib/x86_64-linux-gnu/libXrandr.so.2.2.0
7fd19f28a000-7fd19f28c000 r-xp 00000000 fc:00 3414050                    /usr/lib/x86_64-linux-gnu/libXinerama.so.1.0.0
7fd19f28c000-7fd19f48b000 ---p 00002000 fc:00 3414050                    /usr/lib/x86_64-linux-gnu/libXinerama.so.1.0.0
7fd19f48b000-7fd19f48c000 r--p 00001000 fc:00 3414050                    /usr/lib/x86_64-linux-gnu/libXinerama.so.1.0.0
7fd19f48c000-7fd19f48d000 rw-p 00002000 fc:00 3414050                    /usr/lib/x86_64-linux-gnu/libXinerama.so.1.0.0
7fd19f48d000-7fd19f4d3000 r-xp 00000000 fc:00 3413208                    /usr/lib/x86_64-linux-gnu/libpango-1.0.so.0.3000.0
7fd19f4d3000-7fd19f6d3000 ---p 00046000 fc:00 3413208                    /usr/lib/x86_64-linux-gnu/libpango-1.0.so.0.3000.0
7fd19f6d3000-7fd19f6d5000 r--p 00046000 fc:00 3413208                    /usr/lib/x86_64-linux-gnu/libpango-1.0.so.0.3000.0
7fd19f6d5000-7fd19f6d6000 rw-p 00048000 fc:00 3413208                    /usr/lib/x86_64-linux-gnu/libpango-1.0.so.0.3000.0
7fd19f6d6000-7fd19f6ff000 r-xp 00000000 fc:00 3413207                    /usr/lib/x86_64-linux-gnu/libpangoft2-1.0.so.0.3000.0
7fd19f6ff000-7fd19f8fe000 ---p 00029000 fc:00 3413207                    /usr/lib/x86_64-linux-gnu/libpangoft2-1.0.so.0.3000.0
7fd19f8fe000-7fd19f8ff000 r--p 00028000 fc:00 3413207                    /usr/lib/x86_64-linux-gnu/libpangoft2-1.0.so.0.3000.0
7fd19f8ff000-7fd19f900000 rw-p 00029000 fc:00 3413207                    /usr/lib/x86_64-linux-gnu/libpangoft2-1.0.so.0.3000.0
7fd19f900000-7fd19f91e000 r-xp 00000000 fc:00 3413088                    /usr/lib/x86_64-linux-gnu/libgdk_pixbuf-2.0.so.0.2600.1
7fd19f91e000-7fd19fb1e000 ---p 0001e000 fc:00 3413088                    /usr/lib/x86_64-linux-gnu/libgdk_pixbuf-2.0.so.0.2600.1
7fd19fb1e000-7fd19fb1f000 r--p 0001e000 fc:00 3413088                    /usr/lib/x86_64-linux-gnu/libgdk_pixbuf-2.0.so.0.2600.1
7fd19fb1f000-7fd19fb20000 rw-p 0001f000 fc:00 3413088                    /usr/lib/x86_64-linux-gnu/libgdk_pixbuf-2.0.so.0.2600.1
7fd19fb20000-7fd19fbd9000 r-xp 00000000 fc:00 3413183                    /usr/lib/x86_64-linux-gnu/libcairo.so.2.11000.2
7fd19fbd9000-7fd19fdd8000 ---p 000b9000 fc:00 3413183                    /usr/lib/x86_64-linux-gnu/libcairo.so.2.11000.2
7fd19fdd8000-7fd19fdda000 r--p 000b8000 fc:00 3413183                    /usr/lib/x86_64-linux-gnu/libcairo.so.2.11000.2
7fd19fdda000-7fd19fddb000 rw-p 000ba000 fc:00 3413183                    /usr/lib/x86_64-linux-gnu/libcairo.so.2.11000.2
7fd19fddb000-7fd19fdde000 rw-p 00000000 00:00 0 
7fd19fdde000-7fd19fdfd000 r-xp 00000000 fc:00 3412446                    /usr/lib/x86_64-linux-gnu/libatk-1.0.so.0.20409.1
7fd19fdfd000-7fd19fffd000 ---p 0001f000 fc:00 3412446                    /usr/lib/x86_64-linux-gnu/libatk-1.0.so.0.20409.1
7fd19fffd000-7fd19ffff000 r--p 0001f000 fc:00 3412446                    /usr/lib/x86_64-linux-gnu/libatk-1.0.so.0.20409.1
7fd19ffff000-7fd1a0000000 rw-p 00021000 fc:00 3412446                    /usr/lib/x86_64-linux-gnu/libatk-1.0.so.0.20409.1
7fd1a0000000-7fd1a0021000 rw-p 00000000 00:00 0 
7fd1a0021000-7fd1a4000000 ---p 00000000 00:00 0 
7fd1a418c000-7fd1a4197000 r-xp 00000000 fc:00 3413209                    /usr/lib/x86_64-linux-gnu/libpangocairo-1.0.so.0.3000.0
7fd1a4197000-7fd1a4396000 ---p 0000b000 fc:00 3413209                    /usr/lib/x86_64-linux-gnu/libpangocairo-1.0.so.0.3000.0
7fd1a4396000-7fd1a4397000 r--p 0000a000 fc:00 3413209                    /usr/lib/x86_64-linux-gnu/libpangocairo-1.0.so.0.3000.0
7fd1a4397000-7fd1a4398000 rw-p 0000b000 fc:00 3413209                    /usr/lib/x86_64-linux-gnu/libpangocairo-1.0.so.0.3000.0
7fd1a4398000-7fd1a439e000 r-xp 00000000 fc:00 3415808                    /usr/lib/libIlmThread.so.6.0.0
7fd1a439e000-7fd1a459d000 ---p 00006000 fc:00 3415808                    /usr/lib/libIlmThread.so.6.0.0
7fd1a459d000-7fd1a459e000 r--p 00005000 fc:00 3415808                    /usr/lib/libIlmThread.so.6.0.0
7fd1a459e000-7fd1a459f000 rw-p 00006000 fc:00 3415808                    /usr/lib/libIlmThread.so.6.0.0
7fd1a459f000-7fd1a45b9000 r-xp 00000000 fc:00 3415802                    /usr/lib/libIex.so.6.0.0
7fd1a45b9000-7fd1a47b9000 ---p 0001a000 fc:00 3415802                    /usr/lib/libIex.so.6.0.0
7fd1a47b9000-7fd1a47bd000 r--p 0001a000 fc:00 3415802                    /usr/lib/libIex.so.6.0.0
7fd1a47bd000-7fd1a47be000 rw-p 0001e000 fc:00 3415802                    /usr/lib/libIex.so.6.0.0
7fd1a47be000-7fd1a47c2000 r-xp 00000000 fc:00 3415806                    /usr/lib/libImath.so.6.0.0
7fd1a47c2000-7fd1a49c2000 ---p 00004000 fc:00 3415806                    /usr/lib/libImath.so.6.0.0
7fd1a49c2000-7fd1a49c3000 r--p 00004000 fc:00 3415806                    /usr/lib/libImath.so.6.0.0
7fd1a49c3000-7fd1a49c4000 rw-p 00005000 fc:00 3415806                    /usr/lib/libImath.so.6.0.0
7fd1a49c4000-7fd1a49f8000 r-xp 00000000 fc:00 3415848                    /usr/lib/x86_64-linux-gnu/libwebp.so.2.0.0
7fd1a49f8000-7fd1a4bf7000 ---p 00034000 fc:00 3415848                    /usr/lib/x86_64-linux-gnu/libwebp.so.2.0.0
7fd1a4bf7000-7fd1a4bf8000 r--p 00033000 fc:00 3415848                    /usr/lib/x86_64-linux-gnu/libwebp.so.2.0.0
7fd1a4bf8000-7fd1a4bf9000 rw-p 00034000 fc:00 3415848                    /usr/lib/x86_64-linux-gnu/libwebp.so.2.0.0
7fd1a4bf9000-7fd1a4bfc000 rw-p 00000000 00:00 0 
7fd1a4bfc000-7fd1a4c04000 r-xp 00000000 fc:00 3411891                    /usr/lib/x86_64-linux-gnu/libgif.so.4.1.6
7fd1a4c04000-7fd1a4e03000 ---p 00008000 fc:00 3411891                    /usr/lib/x86_64-linux-gnu/libgif.so.4.1.6
7fd1a4e03000-7fd1a4e04000 r--p 00007000 fc:00 3411891                    /usr/lib/x86_64-linux-gnu/libgif.so.4.1.6
7fd1a4e04000-7fd1a4e05000 rw-p 00008000 fc:00 3411891                    /usr/lib/x86_64-linux-gnu/libgif.so.4.1.6
7fd1a4e05000-7fd1a4e8d000 r-xp 00000000 fc:00 3415840                    /usr/lib/libopencv_calib3d.so.2.3.1
7fd1a4e8d000-7fd1a508c000 ---p 00088000 fc:00 3415840                    /usr/lib/libopencv_calib3d.so.2.3.1
7fd1a508c000-7fd1a508d000 r--p 00087000 fc:00 3415840                    /usr/lib/libopencv_calib3d.so.2.3.1
7fd1a508d000-7fd1a508e000 rw-p 00088000 fc:00 3415840                    /usr/lib/libopencv_calib3d.so.2.3.1
7fd1a508e000-7fd1a515e000 r-xp 00000000 fc:00 3415836                    /usr/lib/libopencv_features2d.so.2.3.1
7fd1a515e000-7fd1a535e000 ---p 000d0000 fc:00 3415836                    /usr/lib/libopencv_features2d.so.2.3.1
7fd1a535e000-7fd1a5360000 r--p 000d0000 fc:00 3415836                    /usr/lib/libopencv_features2d.so.2.3.1
7fd1a5360000-7fd1a5362000 rw-p 000d2000 fc:00 3415836                    /usr/lib/libopencv_features2d.so.2.3.1
7fd1a5362000-7fd1a5367000 r-xp 00000000 fc:00 3413490                    /usr/lib/x86_64-linux-gnu/libv4l1.so.0
7fd1a5367000-7fd1a5566000 ---p 00005000 fc:00 3413490                    /usr/lib/x86_64-linux-gnu/libv4l1.so.0
7fd1a5566000-7fd1a5567000 r--p 00004000 fc:00 3413490                    /usr/lib/x86_64-linux-gnu/libv4l1.so.0
7fd1a5567000-7fd1a5568000 rw-p 00005000 fc:00 3413490                    /usr/lib/x86_64-linux-gnu/libv4l1.so.0
7fd1a5568000-7fd1a559a000 r-xp 00000000 fc:00 3415794                    /usr/lib/x86_64-linux-gnu/libdc1394.so.22.1.7
7fd1a559a000-7fd1a5799000 ---p 00032000 fc:00 3415794                    /usr/lib/x86_64-linux-gnu/libdc1394.so.22.1.7
7fd1a5799000-7fd1a579a000 r--p 00031000 fc:00 3415794                    /usr/lib/x86_64-linux-gnu/libdc1394.so.22.1.7
7fd1a579a000-7fd1a579b000 rw-p 00032000 fc:00 3415794                    /usr/lib/x86_64-linux-gnu/libdc1394.so.22.1.7
7fd1a579b000-7fd1a57db000 rw-p 00000000 00:00 0 
7fd1a57db000-7fd1a581f000 r-xp 00000000 fc:00 3415790                    /usr/lib/x86_64-linux-gnu/libswscale.so.2.1.0
7fd1a581f000-7fd1a5a1f000 ---p 00044000 fc:00 3415790                    /usr/lib/x86_64-linux-gnu/libswscale.so.2.1.0
7fd1a5a1f000-7fd1a5a20000 r--p 00044000 fc:00 3415790                    /usr/lib/x86_64-linux-gnu/libswscale.so.2.1.0
7fd1a5a20000-7fd1a5a21000 rw-p 00045000 fc:00 3415790                    /usr/lib/x86_64-linux-gnu/libswscale.so.2.1.0
7fd1a5a21000-7fd1a5a3b000 r-xp 00000000 fc:00 3415754                    /usr/lib/x86_64-linux-gnu/libavutil.so.51.22.3
7fd1a5a3b000-7fd1a5c3a000 ---p 0001a000 fc:00 3415754                    /usr/lib/x86_64-linux-gnu/libavutil.so.51.22.3
7fd1a5c3a000-7fd1a5c3c000 r--p 00019000 fc:00 3415754                    /usr/lib/x86_64-linux-gnu/libavutil.so.51.22.3
7fd1a5c3c000-7fd1a5c3d000 rw-p 0001b000 fc:00 3415754                    /usr/lib/x86_64-linux-gnu/libavutil.so.51.22.3
7fd1a5c3d000-7fd1a5c41000 rw-p 00000000 00:00 0 
7fd1a5c41000-7fd1a5d2e000 r-xp 00000000 fc:00 3415784                    /usr/lib/x86_64-linux-gnu/libavformat.so.53.21.1
7fd1a5d2e000-7fd1a5f2e000 ---p 000ed000 fc:00 3415784                    /usr/lib/x86_64-linux-gnu/libavformat.so.53.21.1
7fd1a5f2e000-7fd1a5f35000 r--p 000ed000 fc:00 3415784                    /usr/lib/x86_64-linux-gnu/libavformat.so.53.21.1
7fd1a5f35000-7fd1a5f42000 rw-p 000f4000 fc:00 3415784                    /usr/lib/x86_64-linux-gnu/libavformat.so.53.21.1
7fd1a5f42000-7fd1a65bc000 r-xp 00000000 fc:00 3415778                    /usr/lib/x86_64-linux-gnu/libavcodec.so.53.35.0
7fd1a65bc000-7fd1a67bb000 ---p 0067a000 fc:00 3415778                    /usr/lib/x86_64-linux-gnu/libavcodec.so.53.35.0
7fd1a67bb000-7fd1a67cd000 r--p 00679000 fc:00 3415778                    /usr/lib/x86_64-linux-gnu/libavcodec.so.53.35.0
7fd1a67cd000-7fd1a67e4000 rw-p 0068b000 fc:00 3415778                    /usr/lib/x86_64-linux-gnu/libavcodec.so.53.35.0
7fd1a67e4000-7fd1a6d54000 rw-p 00000000 00:00 0 
7fd1a6d54000-7fd1a6e01000 r-xp 00000000 fc:00 3418037                    /usr/lib/x86_64-linux-gnu/libgdk-x11-2.0.so.0.2400.10
7fd1a6e01000-7fd1a7000000 ---p 000ad000 fc:00 3418037                    /usr/lib/x86_64-linux-gnu/libgdk-x11-2.0.so.0.2400.10
7fd1a7000000-7fd1a7004000 r--p 000ac000 fc:00 3418037                    /usr/lib/x86_64-linux-gnu/libgdk-x11-2.0.so.0.2400.10
7fd1a7004000-7fd1a7006000 rw-p 000b0000 fc:00 3418037                    /usr/lib/x86_64-linux-gnu/libgdk-x11-2.0.so.0.2400.10
7fd1a7006000-7fd1a7434000 r-xp 00000000 fc:00 3418038                    /usr/lib/x86_64-linux-gnu/libgtk-x11-2.0.so.0.2400.10
7fd1a7434000-7fd1a7633000 ---p 0042e000 fc:00 3418038                    /usr/lib/x86_64-linux-gnu/libgtk-x11-2.0.so.0.2400.10
7fd1a7633000-7fd1a763a000 r--p 0042d000 fc:00 3418038                    /usr/lib/x86_64-linux-gnu/libgtk-x11-2.0.so.0.2400.10
7fd1a763a000-7fd1a763e000 rw-p 00434000 fc:00 3418038                    /usr/lib/x86_64-linux-gnu/libgtk-x11-2.0.so.0.2400.10
7fd1a763e000-7fd1a7640000 rw-p 00000000 00:00 0 
7fd1a7640000-7fd1a7682000 r-xp 00000000 fc:00 3415804                    /usr/lib/libHalf.so.6.0.0
7fd1a7682000-7fd1a7881000 ---p 00042000 fc:00 3415804                    /usr/lib/libHalf.so.6.0.0
7fd1a7881000-7fd1a7882000 r--p 00041000 fc:00 3415804                    /usr/lib/libHalf.so.6.0.0
7fd1a7882000-7fd1a7883000 rw-p 00042000 fc:00 3415804                    /usr/lib/libHalf.so.6.0.0
7fd1a7883000-7fd1a7941000 r-xp 00000000 fc:00 3415824                    /usr/lib/libIlmImf.so.6.0.0
7fd1a7941000-7fd1a7b40000 ---p 000be000 fc:00 3415824                    /usr/lib/libIlmImf.so.6.0.0
7fd1a7b40000-7fd1a7b43000 r--p 000bd000 fc:00 3415824                    /usr/lib/libIlmImf.so.6.0.0
7fd1a7b43000-7fd1a7b44000 rw-p 000c0000 fc:00 3415824                    /usr/lib/libIlmImf.so.6.0.0
7fd1a7b44000-7fd1a7b90000 r-xp 00000000 fc:00 3412457                    /usr/lib/x86_64-linux-gnu/libjasper.so.1.0.0
7fd1a7b90000-7fd1a7d90000 ---p 0004c000 fc:00 3412457                    /usr/lib/x86_64-linux-gnu/libjasper.so.1.0.0
7fd1a7d90000-7fd1a7d91000 r--p 0004c000 fc:00 3412457                    /usr/lib/x86_64-linux-gnu/libjasper.so.1.0.0
7fd1a7d91000-7fd1a7d95000 rw-p 0004d000 fc:00 3412457                    /usr/lib/x86_64-linux-gnu/libjasper.so.1.0.0
7fd1a7d95000-7fd1a7d9c000 rw-p 00000000 00:00 0 
7fd1a7d9c000-7fd1a7dfd000 r-xp 00000000 fc:00 3412462                    /usr/lib/x86_64-linux-gnu/libtiff.so.4.3.4
7fd1a7dfd000-7fd1a7ffd000 ---p 00061000 fc:00 3412462                    /usr/lib/x86_64-linux-gnu/libtiff.so.4.3.4
7fd1a7ffd000-7fd1a7fff000 r--p 00061000 fc:00 3412462                    /usr/lib/x86_64-linux-gnu/libtiff.so.4.3.4
7fd1a7fff000-7fd1a8000000 rw-p 00063000 fc:00 3412462                    /usr/lib/x86_64-linux-gnu/libtiff.so.4.3.4
7fd1a8000000-7fd1a8021000 rw-p 00000000 00:00 0 
7fd1a8021000-7fd1ac000000 ---p 00000000 00:00 0 
7fd1ac0d9000-7fd1ac0dc000 ---p 00000000 00:00 0 
7fd1ac0dc000-7fd1ac1da000 rw-p 00000000 00:00 0 
7fd1ac1da000-7fd1ac200000 r-xp 00000000 fc:00 2752572                    /lib/x86_64-linux-gnu/libpng12.so.0.46.0
7fd1ac200000-7fd1ac400000 ---p 00026000 fc:00 2752572                    /lib/x86_64-linux-gnu/libpng12.so.0.46.0
7fd1ac400000-7fd1ac401000 r--p 00026000 fc:00 2752572                    /lib/x86_64-linux-gnu/libpng12.so.0.46.0
7fd1ac401000-7fd1ac402000 rw-p 00027000 fc:00 2752572                    /lib/x86_64-linux-gnu/libpng12.so.0.46.0
7fd1ac402000-7fd1ac441000 r-xp 00000000 fc:00 3412452                    /usr/lib/x86_64-linux-gnu/libjpeg.so.8.0.2
7fd1ac441000-7fd1ac640000 ---p 0003f000 fc:00 3412452                    /usr/lib/x86_64-linux-gnu/libjpeg.so.8.0.2
7fd1ac640000-7fd1ac641000 r--p 0003e000 fc:00 3412452                    /usr/lib/x86_64-linux-gnu/libjpeg.so.8.0.2
7fd1ac641000-7fd1ac642000 rw-p 0003f000 fc:00 3412452                    /usr/lib/x86_64-linux-gnu/libjpeg.so.8.0.2
7fd1ac642000-7fd1ac652000 rw-p 00000000 00:00 0 
7fd1ac652000-7fd1ac7e6000 r-xp 00000000 fc:00 3415852                    /usr/lib/liblept.so.3.0.0
7fd1ac7e6000-7fd1ac9e6000 ---p 00194000 fc:00 3415852                    /usr/lib/liblept.so.3.0.0
7fd1ac9e6000-7fd1ac9e7000 r--p 00194000 fc:00 3415852                    /usr/lib/liblept.so.3.0.0
7fd1ac9e7000-7fd1ac9ec000 rw-p 00195000 fc:00 3415852                    /usr/lib/liblept.so.3.0.0
7fd1ac9ec000-7fd1ac9ed000 rw-p 00000000 00:00 0 
7fd1ac9ed000-7fd1aca3f000 r-xp 00000000 fc:00 3415844                    /usr/lib/libopencv_objdetect.so.2.3.1
7fd1aca3f000-7fd1acc3e000 ---p 00052000 fc:00 3415844                    /usr/lib/libopencv_objdetect.so.2.3.1
7fd1acc3e000-7fd1acc3f000 r--p 00051000 fc:00 3415844                    /usr/lib/libopencv_objdetect.so.2.3.1
7fd1acc3f000-7fd1acc40000 rw-p 00052000 fc:00 3415844                    /usr/lib/libopencv_objdetect.so.2.3.1
7fd1acc40000-7fd1acc7e000 r-xp 00000000 fc:00 3415828                    /usr/lib/libopencv_highgui.so.2.3.1
7fd1acc7e000-7fd1ace7d000 ---p 0003e000 fc:00 3415828                    /usr/lib/libopencv_highgui.so.2.3.1
7fd1ace7d000-7fd1ace7f000 r--p 0003d000 fc:00 3415828                    /usr/lib/libopencv_highgui.so.2.3.1
7fd1ace7f000-7fd1ace80000 rw-p 0003f000 fc:00 3415828                    /usr/lib/libopencv_highgui.so.2.3.1
7fd1ace80000-7fd1ace81000 rw-p 00000000 00:00 0 
7fd1ace81000-7fd1ad01b000 r-xp 00000000 fc:00 3415820                    /usr/lib/libopencv_imgproc.so.2.3.1
7fd1ad01b000-7fd1ad21a000 ---p 0019a000 fc:00 3415820                    /usr/lib/libopencv_imgproc.so.2.3.1
7fd1ad21a000-7fd1ad21e000 r--p 00199000 fc:00 3415820                    /usr/lib/libopencv_imgproc.so.2.3.1
7fd1ad21e000-7fd1ad21f000 rw-p 0019d000 fc:00 3415820                    /usr/lib/libopencv_imgproc.so.2.3.1
7fd1ad21f000-7fd1ad2b4000 rw-p 00000000 00:00 0 
7fd1ad2b4000-7fd1ad471000 r-xp 00000000 fc:00 3415798                    /usr/lib/libopencv_core.so.2.3.1
7fd1ad471000-7fd1ad670000 ---p 001bd000 fc:00 3415798                    /usr/lib/libopencv_core.so.2.3.1
7fd1ad670000-7fd1ad673000 r--p 001bc000 fc:00 3415798                    /usr/lib/libopencv_core.so.2.3.1
7fd1ad673000-7fd1ad67b000 rw-p 001bf000 fc:00 3415798                    /usr/lib/libopencv_core.so.2.3.1
7fd1ad67b000-7fd1ad67c000 rw-p 00000000 00:00 0 
7fd1ad67c000-7fd1ada67000 r-xp 00000000 fc:00 3415856                    /usr/lib/libtesseract.so.3.0.2
7fd1ada67000-7fd1adc66000 ---p 003eb000 fc:00 3415856                    /usr/lib/libtesseract.so.3.0.2
7fd1adc66000-7fd1adc74000 r--p 003ea000 fc:00 3415856                    /usr/lib/libtesseract.so.3.0.2
7fd1adc74000-7fd1adc82000 rw-p 003f8000 fc:00 3415856                    /usr/lib/libtesseract.so.3.0.2
7fd1adc82000-7fd1add8f000 rw-p 00000000 00:00 0 
7fd1add8f000-7fd1addf4000 r-xp 00000000 fc:00 657468                     /usr/lib/x86_64-linux-gnu/jni/libVisionProxy.so
7fd1addf4000-7fd1adff3000 ---p 00065000 fc:00 657468                     /usr/lib/x86_64-linux-gnu/jni/libVisionProxy.so
7fd1adff3000-7fd1adff4000 r--p 00064000 fc:00 657468                     /usr/lib/x86_64-linux-gnu/jni/libVisionProxy.so
7fd1adff4000-7fd1adff5000 rw-p 00065000 fc:00 657468                     /usr/lib/x86_64-linux-gnu/jni/libVisionProxy.so
7fd1adff5000-7fd1adff8000 ---p 00000000 00:00 0 
7fd1adff8000-7fd1ae0f6000 rw-p 00000000 00:00 0 
7fd1ae0f6000-7fd1ae0fb000 r-xp 00000000 fc:00 3414042                    /usr/lib/x86_64-linux-gnu/libXfixes.so.3.1.0
7fd1ae0fb000-7fd1ae2fa000 ---p 00005000 fc:00 3414042                    /usr/lib/x86_64-linux-gnu/libXfixes.so.3.1.0
7fd1ae2fa000-7fd1ae2fb000 r--p 00004000 fc:00 3414042                    /usr/lib/x86_64-linux-gnu/libXfixes.so.3.1.0
7fd1ae2fb000-7fd1ae2fc000 rw-p 00005000 fc:00 3414042                    /usr/lib/x86_64-linux-gnu/libXfixes.so.3.1.0
7fd1ae2fc000-7fd1ae305000 r-xp 00000000 fc:00 3414044                    /usr/lib/x86_64-linux-gnu/libXcursor.so.1.0.2
7fd1ae305000-7fd1ae504000 ---p 00009000 fc:00 3414044                    /usr/lib/x86_64-linux-gnu/libXcursor.so.1.0.2
7fd1ae504000-7fd1ae505000 r--p 00008000 fc:00 3414044                    /usr/lib/x86_64-linux-gnu/libXcursor.so.1.0.2
7fd1ae505000-7fd1ae506000 rw-p 00009000 fc:00 3414044                    /usr/lib/x86_64-linux-gnu/libXcursor.so.1.0.2
7fd1ae506000-7fd1ae509000 ---p 00000000 00:00 0 
7fd1ae509000-7fd1ae607000 rw-p 00000000 00:00 0 
7fd1ae607000-7fd1ae60a000 r-xp 00000000 fc:00 2752819                    /lib/x86_64-linux-gnu/libgpg-error.so.0.8.0
7fd1ae60a000-7fd1ae809000 ---p 00003000 fc:00 2752819                    /lib/x86_64-linux-gnu/libgpg-error.so.0.8.0
7fd1ae809000-7fd1ae80a000 r--p 00002000 fc:00 2752819                    /lib/x86_64-linux-gnu/libgpg-error.so.0.8.0
7fd1ae80a000-7fd1ae80b000 rw-p 00003000 fc:00 2752819                    /lib/x86_64-linux-gnu/libgpg-error.so.0.8.0
7fd1ae80b000-7fd1ae80e000 r-xp 00000000 fc:00 2752824                    /lib/x86_64-linux-gnu/libkeyutils.so.1.4
7fd1ae80e000-7fd1aea0d000 ---p 00003000 fc:00 2752824                    /lib/x86_64-linux-gnu/libkeyutils.so.1.4
7fd1aea0d000-7fd1aea0e000 r--p 00002000 fc:00 2752824                    /lib/x86_64-linux-gnu/libkeyutils.so.1.4
7fd1aea0e000-7fd1aea0f000 rw-p 00003000 fc:00 2752824                    /lib/x86_64-linux-gnu/libkeyutils.so.1.4
7fd1aea0f000-7fd1aea51000 r-xp 00000000 fc:00 2752678                    /lib/x86_64-linux-gnu/libdbus-1.so.3.5.8
7fd1aea51000-7fd1aec51000 ---p 00042000 fc:00 2752678                    /lib/x86_64-linux-gnu/libdbus-1.so.3.5.8
7fd1aec51000-7fd1aec52000 r--p 00042000 fc:00 2752678                    /lib/x86_64-linux-gnu/libdbus-1.so.3.5.8
7fd1aec52000-7fd1aec53000 rw-p 00043000 fc:00 2752678                    /lib/x86_64-linux-gnu/libdbus-1.so.3.5.8
7fd1aec53000-7fd1aec64000 r-xp 00000000 fc:00 3418620                    /usr/lib/x86_64-linux-gnu/libp11-kit.so.0.0.0
7fd1aec64000-7fd1aee63000 ---p 00011000 fc:00 3418620                    /usr/lib/x86_64-linux-gnu/libp11-kit.so.0.0.0
7fd1aee63000-7fd1aee64000 r--p 00010000 fc:00 3418620                    /usr/lib/x86_64-linux-gnu/libp11-kit.so.0.0.0
7fd1aee64000-7fd1aee65000 rw-p 00011000 fc:00 3418620                    /usr/lib/x86_64-linux-gnu/libp11-kit.so.0.0.0
7fd1aee65000-7fd1aeee0000 r-xp 00000000 fc:00 2752693                    /lib/x86_64-linux-gnu/libgcrypt.so.11.7.0
7fd1aeee0000-7fd1af0e0000 ---p 0007b000 fc:00 2752693                    /lib/x86_64-linux-gnu/libgcrypt.so.11.7.0
7fd1af0e0000-7fd1af0e1000 r--p 0007b000 fc:00 2752693                    /lib/x86_64-linux-gnu/libgcrypt.so.11.7.0
7fd1af0e1000-7fd1af0e4000 rw-p 0007c000 fc:00 2752693                    /lib/x86_64-linux-gnu/libgcrypt.so.11.7.0
7fd1af0e4000-7fd1af0f4000 r-xp 00000000 fc:00 3412687                    /usr/lib/x86_64-linux-gnu/libtasn1.so.3.1.12
7fd1af0f4000-7fd1af2f3000 ---p 00010000 fc:00 3412687                    /usr/lib/x86_64-linux-gnu/libtasn1.so.3.1.12
7fd1af2f3000-7fd1af2f4000 r--p 0000f000 fc:00 3412687                    /usr/lib/x86_64-linux-gnu/libtasn1.so.3.1.12
7fd1af2f4000-7fd1af2f5000 rw-p 00010000 fc:00 3412687                    /usr/lib/x86_64-linux-gnu/libtasn1.so.3.1.12
7fd1af2f5000-7fd1af2fc000 r-xp 00000000 fc:00 3413308                    /usr/lib/x86_64-linux-gnu/libkrb5support.so.0.1
7fd1af2fc000-7fd1af4fb000 ---p 00007000 fc:00 3413308                    /usr/lib/x86_64-linux-gnu/libkrb5support.so.0.1
7fd1af4fb000-7fd1af4fc000 r--p 00006000 fc:00 3413308                    /usr/lib/x86_64-linux-gnu/libkrb5support.so.0.1
7fd1af4fc000-7fd1af4fd000 rw-p 00007000 fc:00 3413308                    /usr/lib/x86_64-linux-gnu/libkrb5support.so.0.1
7fd1af4fd000-7fd1af500000 r-xp 00000000 fc:00 2752617                    /lib/x86_64-linux-gnu/libcom_err.so.2.1
7fd1af500000-7fd1af6ff000 ---p 00003000 fc:00 2752617                    /lib/x86_64-linux-gnu/libcom_err.so.2.1
7fd1af6ff000-7fd1af700000 r--p 00002000 fc:00 2752617                    /lib/x86_64-linux-gnu/libcom_err.so.2.1
7fd1af700000-7fd1af701000 rw-p 00003000 fc:00 2752617                    /lib/x86_64-linux-gnu/libcom_err.so.2.1
7fd1af701000-7fd1af726000 r-xp 00000000 fc:00 3412983                    /usr/lib/x86_64-linux-gnu/libk5crypto.so.3.1
7fd1af726000-7fd1af926000 ---p 00025000 fc:00 3412983                    /usr/lib/x86_64-linux-gnu/libk5crypto.so.3.1
7fd1af926000-7fd1af927000 r--p 00025000 fc:00 3412983                    /usr/lib/x86_64-linux-gnu/libk5crypto.so.3.1
7fd1af927000-7fd1af928000 rw-p 00026000 fc:00 3412983                    /usr/lib/x86_64-linux-gnu/libk5crypto.so.3.1
7fd1af928000-7fd1af929000 rw-p 00000000 00:00 0 
7fd1af929000-7fd1af9ed000 r-xp 00000000 fc:00 3413066                    /usr/lib/x86_64-linux-gnu/libkrb5.so.3.3
7fd1af9ed000-7fd1afbec000 ---p 000c4000 fc:00 3413066                    /usr/lib/x86_64-linux-gnu/libkrb5.so.3.3
7fd1afbec000-7fd1afbf6000 r--p 000c3000 fc:00 3413066                    /usr/lib/x86_64-linux-gnu/libkrb5.so.3.3
7fd1afbf6000-7fd1afbf7000 rw-p 000cd000 fc:00 3413066                    /usr/lib/x86_64-linux-gnu/libkrb5.so.3.3
7fd1afbf7000-7fd1afbfc000 r-xp 00000000 fc:00 3418743                    /usr/lib/x86_64-linux-gnu/libXdmcp.so.6.0.0
7fd1afbfc000-7fd1afdfb000 ---p 00005000 fc:00 3418743                    /usr/lib/x86_64-linux-gnu/libXdmcp.so.6.0.0
7fd1afdfb000-7fd1afdfc000 r--p 00004000 fc:00 3418743                    /usr/lib/x86_64-linux-gnu/libXdmcp.so.6.0.0
7fd1afdfc000-7fd1afdfd000 rw-p 00005000 fc:00 3418743                    /usr/lib/x86_64-linux-gnu/libXdmcp.so.6.0.0
7fd1afdfd000-7fd1afdff000 r-xp 00000000 fc:00 3418741                    /usr/lib/x86_64-linux-gnu/libXau.so.6.0.0
7fd1afdff000-7fd1afffe000 ---p 00002000 fc:00 3418741                    /usr/lib/x86_64-linux-gnu/libXau.so.6.0.0
7fd1afffe000-7fd1affff000 r--p 00001000 fc:00 3418741                    /usr/lib/x86_64-linux-gnu/libXau.so.6.0.0
7fd1affff000-7fd1b0000000 rw-p 00002000 fc:00 3418741                    /usr/lib/x86_64-linux-gnu/libXau.so.6.0.0
7fd1b0000000-7fd1b0021000 rw-p 00000000 00:00 0 
7fd1b0021000-7fd1b4000000 ---p 00000000 00:00 0 
7fd1b40a1000-7fd1b40c8000 r-xp 00000000 fc:00 2756607                    /lib/x86_64-linux-gnu/libexpat.so.1.5.2
7fd1b40c8000-7fd1b42c8000 ---p 00027000 fc:00 2756607                    /lib/x86_64-linux-gnu/libexpat.so.1.5.2
7fd1b42c8000-7fd1b42ca000 r--p 00027000 fc:00 2756607                    /lib/x86_64-linux-gnu/libexpat.so.1.5.2
7fd1b42ca000-7fd1b42cb000 rw-p 00029000 fc:00 2756607                    /lib/x86_64-linux-gnu/libexpat.so.1.5.2
7fd1b42cb000-7fd1b4361000 r-xp 00000000 fc:00 3418718                    /usr/lib/x86_64-linux-gnu/libfreetype.so.6.8.0
7fd1b4361000-7fd1b4560000 ---p 00096000 fc:00 3418718                    /usr/lib/x86_64-linux-gnu/libfreetype.so.6.8.0
7fd1b4560000-7fd1b4566000 r--p 00095000 fc:00 3418718                    /usr/lib/x86_64-linux-gnu/libfreetype.so.6.8.0
7fd1b4566000-7fd1b4567000 rw-p 0009b000 fc:00 3418718                    /usr/lib/x86_64-linux-gnu/libfreetype.so.6.8.0
7fd1b4567000-7fd1b4577000 r-xp 00000000 fc:00 3413470                    /usr/lib/x86_64-linux-gnu/libavahi-client.so.3.2.9
7fd1b4577000-7fd1b4776000 ---p 00010000 fc:00 3413470                    /usr/lib/x86_64-linux-gnu/libavahi-client.so.3.2.9
7fd1b4776000-7fd1b4777000 r--p 0000f000 fc:00 3413470                    /usr/lib/x86_64-linux-gnu/libavahi-client.so.3.2.9
7fd1b4777000-7fd1b4778000 rw-p 00010000 fc:00 3413470                    /usr/lib/x86_64-linux-gnu/libavahi-client.so.3.2.9
7fd1b4778000-7fd1b4783000 r-xp 00000000 fc:00 3413468                    /usr/lib/x86_64-linux-gnu/libavahi-common.so.3.5.3
7fd1b4783000-7fd1b4982000 ---p 0000b000 fc:00 3413468                    /usr/lib/x86_64-linux-gnu/libavahi-common.so.3.5.3
7fd1b4982000-7fd1b4983000 r--p 0000a000 fc:00 3413468                    /usr/lib/x86_64-linux-gnu/libavahi-common.so.3.5.3
7fd1b4983000-7fd1b4984000 rw-p 0000b000 fc:00 3413468                    /usr/lib/x86_64-linux-gnu/libavahi-common.so.3.5.3
7fd1b4984000-7fd1b4a39000 r-xp 00000000 fc:00 3412981                    /usr/lib/x86_64-linux-gnu/libgnutls.so.26.21.8
7fd1b4a39000-7fd1b4c38000 ---p 000b5000 fc:00 3412981                    /usr/lib/x86_64-linux-gnu/libgnutls.so.26.21.8
7fd1b4c38000-7fd1b4c3e000 r--p 000b4000 fc:00 3412981                    /usr/lib/x86_64-linux-gnu/libgnutls.so.26.21.8
7fd1b4c3e000-7fd1b4c3f000 rw-p 000ba000 fc:00 3412981                    /usr/lib/x86_64-linux-gnu/libgnutls.so.26.21.8
7fd1b4c3f000-7fd1b4c40000 rw-p 00000000 00:00 0 
7fd1b4c40000-7fd1b4c7b000 r-xp 00000000 fc:00 3413063                    /usr/lib/x86_64-linux-gnu/libgssapi_krb5.so.2.2
7fd1b4c7b000-7fd1b4e7b000 ---p 0003b000 fc:00 3413063                    /usr/lib/x86_64-linux-gnu/libgssapi_krb5.so.2.2
7fd1b4e7b000-7fd1b4e7c000 r--p 0003b000 fc:00 3413063                    /usr/lib/x86_64-linux-gnu/libgssapi_krb5.so.2.2
7fd1b4e7c000-7fd1b4e7e000 rw-p 0003c000 fc:00 3413063                    /usr/lib/x86_64-linux-gnu/libgssapi_krb5.so.2.2
7fd1b4e7e000-7fd1b4e9b000 r-xp 00000000 fc:00 3428377                    /usr/lib/x86_64-linux-gnu/libxcb.so.1.1.0
7fd1b4e9b000-7fd1b509a000 ---p 0001d000 fc:00 3428377                    /usr/lib/x86_64-linux-gnu/libxcb.so.1.1.0
7fd1b509a000-7fd1b509b000 r--p 0001c000 fc:00 3428377                    /usr/lib/x86_64-linux-gnu/libxcb.so.1.1.0
7fd1b509b000-7fd1b509c000 rw-p 0001d000 fc:00 3428377                    /usr/lib/x86_64-linux-gnu/libxcb.so.1.1.0
7fd1b509c000-7fd1b50d0000 r-xp 00000000 fc:00 3413158                    /usr/lib/x86_64-linux-gnu/libfontconfig.so.1.4.4
7fd1b50d0000-7fd1b52d0000 ---p 00034000 fc:00 3413158                    /usr/lib/x86_64-linux-gnu/libfontconfig.so.1.4.4
7fd1b52d0000-7fd1b52d1000 r--p 00034000 fc:00 3413158                    /usr/lib/x86_64-linux-gnu/libfontconfig.so.1.4.4
7fd1b52d1000-7fd1b52d2000 rw-p 00035000 fc:00 3413158                    /usr/lib/x86_64-linux-gnu/libfontconfig.so.1.4.4
7fd1b52d2000-7fd1b5322000 r-xp 00000000 fc:00 3413523                    /usr/lib/x86_64-linux-gnu/libcups.so.2
7fd1b5322000-7fd1b5521000 ---p 00050000 fc:00 3413523                    /usr/lib/x86_64-linux-gnu/libcups.so.2
7fd1b5521000-7fd1b5525000 r--p 0004f000 fc:00 3413523                    /usr/lib/x86_64-linux-gnu/libcups.so.2
7fd1b5525000-7fd1b5526000 rw-p 00053000 fc:00 3413523                    /usr/lib/x86_64-linux-gnu/libcups.so.2
7fd1b5526000-7fd1b5535000 r-xp 00000000 fc:00 3414048                    /usr/lib/x86_64-linux-gnu/libXi.so.6.1.0
7fd1b5535000-7fd1b5734000 ---p 0000f000 fc:00 3414048                    /usr/lib/x86_64-linux-gnu/libXi.so.6.1.0
7fd1b5734000-7fd1b5735000 r--p 0000e000 fc:00 3414048                    /usr/lib/x86_64-linux-gnu/libXi.so.6.1.0
7fd1b5735000-7fd1b5736000 rw-p 0000f000 fc:00 3414048                    /usr/lib/x86_64-linux-gnu/libXi.so.6.1.0
7fd1b5736000-7fd1b573b000 r-xp 00000000 fc:00 3417624                    /usr/lib/x86_64-linux-gnu/libXtst.so.6.1.0
7fd1b573b000-7fd1b593a000 ---p 00005000 fc:00 3417624                    /usr/lib/x86_64-linux-gnu/libXtst.so.6.1.0
7fd1b593a000-7fd1b593b000 r--p 00004000 fc:00 3417624                    /usr/lib/x86_64-linux-gnu/libXtst.so.6.1.0
7fd1b593b000-7fd1b593c000 rw-p 00005000 fc:00 3417624                    /usr/lib/x86_64-linux-gnu/libXtst.so.6.1.0
7fd1b593c000-7fd1b5945000 r-xp 00000000 fc:00 3413181                    /usr/lib/x86_64-linux-gnu/libXrender.so.1.3.0
7fd1b5945000-7fd1b5b44000 ---p 00009000 fc:00 3413181                    /usr/lib/x86_64-linux-gnu/libXrender.so.1.3.0
7fd1b5b44000-7fd1b5b45000 r--p 00008000 fc:00 3413181                    /usr/lib/x86_64-linux-gnu/libXrender.so.1.3.0
7fd1b5b45000-7fd1b5b46000 rw-p 00009000 fc:00 3413181                    /usr/lib/x86_64-linux-gnu/libXrender.so.1.3.0
7fd1b5b46000-7fd1b5c76000 r-xp 00000000 fc:00 3418745                    /usr/lib/x86_64-linux-gnu/libX11.so.6.3.0
7fd1b5c76000-7fd1b5e76000 ---p 00130000 fc:00 3418745                    /usr/lib/x86_64-linux-gnu/libX11.so.6.3.0
7fd1b5e76000-7fd1b5e77000 r--p 00130000 fc:00 3418745                    /usr/lib/x86_64-linux-gnu/libX11.so.6.3.0
7fd1b5e77000-7fd1b5e7b000 rw-p 00131000 fc:00 3418745                    /usr/lib/x86_64-linux-gnu/libX11.so.6.3.0
7fd1b5e7b000-7fd1b5e8b000 r-xp 00000000 fc:00 3417669                    /usr/lib/x86_64-linux-gnu/libXext.so.6.4.0
7fd1b5e8b000-7fd1b608a000 ---p 00010000 fc:00 3417669                    /usr/lib/x86_64-linux-gnu/libXext.so.6.4.0
7fd1b608a000-7fd1b608b000 r--p 0000f000 fc:00 3417669                    /usr/lib/x86_64-linux-gnu/libXext.so.6.4.0
7fd1b608b000-7fd1b608c000 rw-p 00010000 fc:00 3417669                    /usr/lib/x86_64-linux-gnu/libXext.so.6.4.0
7fd1b608c000-7fd1b60d5000 r-xp 00000000 fc:00 657022                     /usr/lib/jvm/java-7-openjdk-amd64/jre/lib/amd64/xawt/libmawt.so
7fd1b60d5000-7fd1b62d4000 ---p 00049000 fc:00 657022                     /usr/lib/jvm/java-7-openjdk-amd64/jre/lib/amd64/xawt/libmawt.so
7fd1b62d4000-7fd1b62d5000 r--p 00048000 fc:00 657022                     /usr/lib/jvm/java-7-openjdk-amd64/jre/lib/amd64/xawt/libmawt.so
7fd1b62d5000-7fd1b62d8000 rw-p 00049000 fc:00 657022                     /usr/lib/jvm/java-7-openjdk-amd64/jre/lib/amd64/xawt/libmawt.so
7fd1b62d8000-7fd1b62d9000 rw-p 00000000 00:00 0 
7fd1b62d9000-7fd1b637b000 r-xp 00000000 fc:00 656877                     /usr/lib/jvm/java-7-openjdk-amd64/jre/lib/amd64/libawt.so
7fd1b637b000-7fd1b657b000 ---p 000a2000 fc:00 656877                     /usr/lib/jvm/java-7-openjdk-amd64/jre/lib/amd64/libawt.so
7fd1b657b000-7fd1b657c000 r--p 000a2000 fc:00 656877                     /usr/lib/jvm/java-7-openjdk-amd64/jre/lib/amd64/libawt.so
7fd1b657c000-7fd1b6587000 rw-p 000a3000 fc:00 656877                     /usr/lib/jvm/java-7-openjdk-amd64/jre/lib/amd64/libawt.so
7fd1b6587000-7fd1b65ac000 rw-p 00000000 00:00 0 
7fd1b65ac000-7fd1b65bd000 r-xp 00000000 fc:00 3415876                    /usr/lib/jni/libjnidispatch.so
7fd1b65bd000-7fd1b67bc000 ---p 00011000 fc:00 3415876                    /usr/lib/jni/libjnidispatch.so
7fd1b67bc000-7fd1b67bd000 r--p 00010000 fc:00 3415876                    /usr/lib/jni/libjnidispatch.so
7fd1b67bd000-7fd1b67be000 rw-p 00011000 fc:00 3415876                    /usr/lib/jni/libjnidispatch.so
7fd1b67be000-7fd1b67fa000 r-xp 00000000 fc:00 2752599                    /lib/x86_64-linux-gnu/libpcre.so.3.12.1
7fd1b67fa000-7fd1b69f9000 ---p 0003c000 fc:00 2752599                    /lib/x86_64-linux-gnu/libpcre.so.3.12.1
7fd1b69f9000-7fd1b69fa000 r--p 0003b000 fc:00 2752599                    /lib/x86_64-linux-gnu/libpcre.so.3.12.1
7fd1b69fa000-7fd1b69fb000 rw-p 0003c000 fc:00 2752599                    /lib/x86_64-linux-gnu/libpcre.so.3.12.1
7fd1b69fb000-7fd1b6a02000 r-xp 00000000 fc:00 3409317                    /usr/lib/x86_64-linux-gnu/libffi.so.6.0.0
7fd1b6a02000-7fd1b6c01000 ---p 00007000 fc:00 3409317                    /usr/lib/x86_64-linux-gnu/libffi.so.6.0.0
7fd1b6c01000-7fd1b6c02000 r--p 00006000 fc:00 3409317                    /usr/lib/x86_64-linux-gnu/libffi.so.6.0.0
7fd1b6c02000-7fd1b6c03000 rw-p 00007000 fc:00 3409317                    /usr/lib/x86_64-linux-gnu/libffi.so.6.0.0
7fd1b6c03000-7fd1b6c1b000 r-xp 00000000 fc:00 2756621                    /lib/x86_64-linux-gnu/libresolv-2.15.so
7fd1b6c1b000-7fd1b6e1b000 ---p 00018000 fc:00 2756621                    /lib/x86_64-linux-gnu/libresolv-2.15.so
7fd1b6e1b000-7fd1b6e1c000 r--p 00018000 fc:00 2756621                    /lib/x86_64-linux-gnu/libresolv-2.15.so
7fd1b6e1c000-7fd1b6e1d000 rw-p 00019000 fc:00 2756621                    /lib/x86_64-linux-gnu/libresolv-2.15.so
7fd1b6e1d000-7fd1b6e1f000 rw-p 00000000 00:00 0 
7fd1b6e1f000-7fd1b6e3c000 r-xp 00000000 fc:00 2752575                    /lib/x86_64-linux-gnu/libselinux.so.1
7fd1b6e3c000-7fd1b703b000 ---p 0001d000 fc:00 2752575                    /lib/x86_64-linux-gnu/libselinux.so.1
7fd1b703b000-7fd1b703c000 r--p 0001c000 fc:00 2752575                    /lib/x86_64-linux-gnu/libselinux.so.1
7fd1b703c000-7fd1b703d000 rw-p 0001d000 fc:00 2752575                    /lib/x86_64-linux-gnu/libselinux.so.1
7fd1b703d000-7fd1b703e000 rw-p 00000000 00:00 0 
7fd1b703e000-7fd1b7041000 r-xp 00000000 fc:00 3409894                    /usr/lib/x86_64-linux-gnu/libgmodule-2.0.so.0.3200.4
7fd1b7041000-7fd1b7240000 ---p 00003000 fc:00 3409894                    /usr/lib/x86_64-linux-gnu/libgmodule-2.0.so.0.3200.4
7fd1b7240000-7fd1b7241000 r--p 00002000 fc:00 3409894                    /usr/lib/x86_64-linux-gnu/libgmodule-2.0.so.0.3200.4
7fd1b7241000-7fd1b7242000 rw-p 00003000 fc:00 3409894                    /usr/lib/x86_64-linux-gnu/libgmodule-2.0.so.0.3200.4
7fd1b7242000-7fd1b7334000 r-xp 00000000 fc:00 2752792                    /lib/x86_64-linux-gnu/libglib-2.0.so.0.3200.4
7fd1b7334000-7fd1b7534000 ---p 000f2000 fc:00 2752792                    /lib/x86_64-linux-gnu/libglib-2.0.so.0.3200.4
7fd1b7534000-7fd1b7535000 r--p 000f2000 fc:00 2752792                    /lib/x86_64-linux-gnu/libglib-2.0.so.0.3200.4
7fd1b7535000-7fd1b7536000 rw-p 000f3000 fc:00 2752792                    /lib/x86_64-linux-gnu/libglib-2.0.so.0.3200.4
7fd1b7536000-7fd1b7537000 rw-p 00000000 00:00 0 
7fd1b7537000-7fd1b7584000 r-xp 00000000 fc:00 3409900                    /usr/lib/x86_64-linux-gnu/libgobject-2.0.so.0.3200.4
7fd1b7584000-7fd1b7784000 ---p 0004d000 fc:00 3409900                    /usr/lib/x86_64-linux-gnu/libgobject-2.0.so.0.3200.4
7fd1b7784000-7fd1b7785000 r--p 0004d000 fc:00 3409900                    /usr/lib/x86_64-linux-gnu/libgobject-2.0.so.0.3200.4
7fd1b7785000-7fd1b7786000 rw-p 0004e000 fc:00 3409900                    /usr/lib/x86_64-linux-gnu/libgobject-2.0.so.0.3200.4
7fd1b7786000-7fd1b78ce000 r-xp 00000000 fc:00 3409899                    /usr/lib/x86_64-linux-gnu/libgio-2.0.so.0.3200.4
7fd1b78ce000-7fd1b7acd000 ---p 00148000 fc:00 3409899                    /usr/lib/x86_64-linux-gnu/libgio-2.0.so.0.3200.4
7fd1b7acd000-7fd1b7ad1000 r--p 00147000 fc:00 3409899                    /usr/lib/x86_64-linux-gnu/libgio-2.0.so.0.3200.4
7fd1b7ad1000-7fd1b7ad3000 rw-p 0014b000 fc:00 3409899                    /usr/lib/x86_64-linux-gnu/libgio-2.0.so.0.3200.4
7fd1b7ad3000-7fd1b7ad5000 rw-p 00000000 00:00 0 
7fd1b7ad5000-7fd1b7aec000 r-xp 00000000 fc:00 656852                     /usr/lib/jvm/java-7-openjdk-amd64/jre/lib/amd64/libnet.so
7fd1b7aec000-7fd1b7ceb000 ---p 00017000 fc:00 656852                     /usr/lib/jvm/java-7-openjdk-amd64/jre/lib/amd64/libnet.so
7fd1b7ceb000-7fd1b7cec000 r--p 00016000 fc:00 656852                     /usr/lib/jvm/java-7-openjdk-amd64/jre/lib/amd64/libnet.so
7fd1b7cec000-7fd1b7ced000 rw-p 00017000 fc:00 656852                     /usr/lib/jvm/java-7-openjdk-amd64/jre/lib/amd64/libnet.so
7fd1b7ced000-7fd1b7cfd000 r-xp 00000000 fc:00 656867                     /usr/lib/jvm/java-7-openjdk-amd64/jre/lib/amd64/libnio.so
7fd1b7cfd000-7fd1b7efd000 ---p 00010000 fc:00 656867                     /usr/lib/jvm/java-7-openjdk-amd64/jre/lib/amd64/libnio.so
7fd1b7efd000-7fd1b7efe000 r--p 00010000 fc:00 656867                     /usr/lib/jvm/java-7-openjdk-amd64/jre/lib/amd64/libnio.so
7fd1b7efe000-7fd1b7eff000 rw-p 00011000 fc:00 656867                     /usr/lib/jvm/java-7-openjdk-amd64/jre/lib/amd64/libnio.so
7fd1b7eff000-7fd1b7f00000 ---p 00000000 00:00 0 
7fd1b7f00000-7fd1b8000000 rw-p 00000000 00:00 0 
7fd1b8000000-7fd1bb9e0000 rw-p 00000000 00:00 0 
7fd1bb9e0000-7fd1bc000000 ---p 00000000 00:00 0 
7fd1bc000000-7fd1bc021000 rw-p 00000000 00:00 0 
7fd1bc021000-7fd1c0000000 ---p 00000000 00:00 0 
7fd1c0000000-7fd1c0021000 rw-p 00000000 00:00 0 
7fd1c0021000-7fd1c4000000 ---p 00000000 00:00 0 
7fd1c4000000-7fd1c59cd000 rw-p 00000000 00:00 0 
7fd1c59cd000-7fd1c8000000 ---p 00000000 00:00 0 
7fd1c8000000-7fd1c8021000 rw-p 00000000 00:00 0 
7fd1c8021000-7fd1cc000000 ---p 00000000 00:00 0 
7fd1cc000000-7fd1cc021000 rw-p 00000000 00:00 0 
7fd1cc021000-7fd1d0000000 ---p 00000000 00:00 0 
7fd1d0000000-7fd1d0288000 rw-p 00000000 00:00 0 
7fd1d0288000-7fd1d4000000 ---p 00000000 00:00 0 
7fd1d4036000-7fd1d4079000 r--s 003a1000 fc:00 3539503                    /usr/share/java/jython-2.5.1.jar
7fd1d4079000-7fd1d407c000 ---p 00000000 00:00 0 
7fd1d407c000-7fd1d417a000 rw-p 00000000 00:00 0 
7fd1d417a000-7fd1d417d000 ---p 00000000 00:00 0 
7fd1d417d000-7fd1d427b000 rw-p 00000000 00:00 0 
7fd1d427b000-7fd1d427e000 ---p 00000000 00:00 0 
7fd1d427e000-7fd1d437c000 rw-p 00000000 00:00 0 
7fd1d437c000-7fd1d437f000 ---p 00000000 00:00 0 
7fd1d437f000-7fd1d447d000 rw-p 00000000 00:00 0 
7fd1d447d000-7fd1d4782000 r--p 00000000 fc:00 3413573                    /usr/lib/locale/locale-archive
7fd1d4782000-7fd1d4785000 ---p 00000000 00:00 0 
7fd1d4785000-7fd1d4883000 rw-p 00000000 00:00 0 
7fd1d4883000-7fd1d4886000 ---p 00000000 00:00 0 
7fd1d4886000-7fd1d4984000 rw-p 00000000 00:00 0 
7fd1d4984000-7fd1d4985000 ---p 00000000 00:00 0 
7fd1d4985000-7fd1d4ace000 rw-p 00000000 00:00 0 
7fd1d4ace000-7fd1d4c7f000 r--s 01d27000 fc:00 656915                     /usr/lib/jvm/java-7-openjdk-amd64/jre/lib/rt.jar
7fd1d4c7f000-7fd1d4d60000 rw-p 00000000 00:00 0 
7fd1d4d60000-7fd1d4df7000 rw-p 00000000 00:00 0 
7fd1d4df7000-7fd1d5067000 rwxp 00000000 00:00 0 
7fd1d5067000-7fd1d7df7000 rw-p 00000000 00:00 0 
7fd1d7df7000-7fd1d7dff000 r-xp 00000000 fc:00 656844                     /usr/lib/jvm/java-7-openjdk-amd64/jre/lib/amd64/libzip.so
7fd1d7dff000-7fd1d7ffe000 ---p 00008000 fc:00 656844                     /usr/lib/jvm/java-7-openjdk-amd64/jre/lib/amd64/libzip.so
7fd1d7ffe000-7fd1d7fff000 r--p 00007000 fc:00 656844                     /usr/lib/jvm/java-7-openjdk-amd64/jre/lib/amd64/libzip.so
7fd1d7fff000-7fd1d8000000 rw-p 00008000 fc:00 656844                     /usr/lib/jvm/java-7-openjdk-amd64/jre/lib/amd64/libzip.so
7fd1d8000000-7fd1d9341000 rw-p 00000000 00:00 0 
7fd1d9341000-7fd1dc000000 ---p 00000000 00:00 0 
7fd1dc00b000-7fd1dc015000 r--s 000ae000 fc:00 656835                     /usr/lib/jvm/java-7-openjdk-amd64/jre/lib/resources.jar
7fd1dc015000-7fd1dc04a000 rw-p 00000000 00:00 0 
7fd1dc04a000-7fd1dc091000 rw-p 00000000 00:00 0 
7fd1dc091000-7fd1dc098000 rw-p 00000000 00:00 0 
7fd1dc098000-7fd1dc0e4000 rw-p 00000000 00:00 0 
7fd1dc0e4000-7fd1dc0f4000 rw-p 00000000 00:00 0 
7fd1dc0f4000-7fd1dc18a000 rw-p 00000000 00:00 0 
7fd1dc18a000-7fd1dc197000 rw-p 00000000 00:00 0 
7fd1dc197000-7fd1dc1dd000 rw-p 00000000 00:00 0 
7fd1dc1dd000-7fd1dc1de000 rw-p 00000000 00:00 0 
7fd1dc1de000-7fd1dc1ea000 r-xp 00000000 fc:00 2756616                    /lib/x86_64-linux-gnu/libnss_files-2.15.so
7fd1dc1ea000-7fd1dc3e9000 ---p 0000c000 fc:00 2756616                    /lib/x86_64-linux-gnu/libnss_files-2.15.so
7fd1dc3e9000-7fd1dc3ea000 r--p 0000b000 fc:00 2756616                    /lib/x86_64-linux-gnu/libnss_files-2.15.so
7fd1dc3ea000-7fd1dc3eb000 rw-p 0000c000 fc:00 2756616                    /lib/x86_64-linux-gnu/libnss_files-2.15.so
7fd1dc3eb000-7fd1dc3f5000 r-xp 00000000 fc:00 2752736                    /lib/x86_64-linux-gnu/libnss_nis-2.15.so
7fd1dc3f5000-7fd1dc5f5000 ---p 0000a000 fc:00 2752736                    /lib/x86_64-linux-gnu/libnss_nis-2.15.so
7fd1dc5f5000-7fd1dc5f6000 r--p 0000a000 fc:00 2752736                    /lib/x86_64-linux-gnu/libnss_nis-2.15.so
7fd1dc5f6000-7fd1dc5f7000 rw-p 0000b000 fc:00 2752736                    /lib/x86_64-linux-gnu/libnss_nis-2.15.so
7fd1dc5f7000-7fd1dc60e000 r-xp 00000000 fc:00 2756625                    /lib/x86_64-linux-gnu/libnsl-2.15.so
7fd1dc60e000-7fd1dc80d000 ---p 00017000 fc:00 2756625                    /lib/x86_64-linux-gnu/libnsl-2.15.so
7fd1dc80d000-7fd1dc80e000 r--p 00016000 fc:00 2756625                    /lib/x86_64-linux-gnu/libnsl-2.15.so
7fd1dc80e000-7fd1dc80f000 rw-p 00017000 fc:00 2756625                    /lib/x86_64-linux-gnu/libnsl-2.15.so
7fd1dc80f000-7fd1dc811000 rw-p 00000000 00:00 0 
7fd1dc811000-7fd1dc819000 r-xp 00000000 fc:00 2756626                    /lib/x86_64-linux-gnu/libnss_compat-2.15.so
7fd1dc819000-7fd1dca18000 ---p 00008000 fc:00 2756626                    /lib/x86_64-linux-gnu/libnss_compat-2.15.so
7fd1dca18000-7fd1dca19000 r--p 00007000 fc:00 2756626                    /lib/x86_64-linux-gnu/libnss_compat-2.15.so
7fd1dca19000-7fd1dca1a000 rw-p 00008000 fc:00 2756626                    /lib/x86_64-linux-gnu/libnss_compat-2.15.so
7fd1dca1a000-7fd1dca43000 r-xp 00000000 fc:00 656851                     /usr/lib/jvm/java-7-openjdk-amd64/jre/lib/amd64/libjava.so
7fd1dca43000-7fd1dcc42000 ---p 00029000 fc:00 656851                     /usr/lib/jvm/java-7-openjdk-amd64/jre/lib/amd64/libjava.so
7fd1dcc42000-7fd1dcc43000 r--p 00028000 fc:00 656851                     /usr/lib/jvm/java-7-openjdk-amd64/jre/lib/amd64/libjava.so
7fd1dcc43000-7fd1dcc45000 rw-p 00029000 fc:00 656851                     /usr/lib/jvm/java-7-openjdk-amd64/jre/lib/amd64/libjava.so
7fd1dcc45000-7fd1dcc53000 r-xp 00000000 fc:00 656866                     /usr/lib/jvm/java-7-openjdk-amd64/jre/lib/amd64/libverify.so
7fd1dcc53000-7fd1dce52000 ---p 0000e000 fc:00 656866                     /usr/lib/jvm/java-7-openjdk-amd64/jre/lib/amd64/libverify.so
7fd1dce52000-7fd1dce54000 r--p 0000d000 fc:00 656866                     /usr/lib/jvm/java-7-openjdk-amd64/jre/lib/amd64/libverify.so
7fd1dce54000-7fd1dce55000 rw-p 0000f000 fc:00 656866                     /usr/lib/jvm/java-7-openjdk-amd64/jre/lib/amd64/libverify.so
7fd1dce55000-7fd1dce5c000 r-xp 00000000 fc:00 2756618                    /lib/x86_64-linux-gnu/librt-2.15.so
7fd1dce5c000-7fd1dd05b000 ---p 00007000 fc:00 2756618                    /lib/x86_64-linux-gnu/librt-2.15.so
7fd1dd05b000-7fd1dd05c000 r--p 00006000 fc:00 2756618                    /lib/x86_64-linux-gnu/librt-2.15.so
7fd1dd05c000-7fd1dd05d000 rw-p 00007000 fc:00 2756618                    /lib/x86_64-linux-gnu/librt-2.15.so
7fd1dd05d000-7fd1dd072000 r-xp 00000000 fc:00 2752556                    /lib/x86_64-linux-gnu/libgcc_s.so.1
7fd1dd072000-7fd1dd271000 ---p 00015000 fc:00 2752556                    /lib/x86_64-linux-gnu/libgcc_s.so.1
7fd1dd271000-7fd1dd272000 r--p 00014000 fc:00 2752556                    /lib/x86_64-linux-gnu/libgcc_s.so.1
7fd1dd272000-7fd1dd273000 rw-p 00015000 fc:00 2752556                    /lib/x86_64-linux-gnu/libgcc_s.so.1
7fd1dd273000-7fd1dd36e000 r-xp 00000000 fc:00 2756613                    /lib/x86_64-linux-gnu/libm-2.15.so
7fd1dd36e000-7fd1dd56d000 ---p 000fb000 fc:00 2756613                    /lib/x86_64-linux-gnu/libm-2.15.so
7fd1dd56d000-7fd1dd56e000 r--p 000fa000 fc:00 2756613                    /lib/x86_64-linux-gnu/libm-2.15.so
7fd1dd56e000-7fd1dd56f000 rw-p 000fb000 fc:00 2756613                    /lib/x86_64-linux-gnu/libm-2.15.so
7fd1dd56f000-7fd1dd651000 r-xp 00000000 fc:00 3412870                    /usr/lib/x86_64-linux-gnu/libstdc++.so.6.0.16
7fd1dd651000-7fd1dd850000 ---p 000e2000 fc:00 3412870                    /usr/lib/x86_64-linux-gnu/libstdc++.so.6.0.16
7fd1dd850000-7fd1dd858000 r--p 000e1000 fc:00 3412870                    /usr/lib/x86_64-linux-gnu/libstdc++.so.6.0.16
7fd1dd858000-7fd1dd85a000 rw-p 000e9000 fc:00 3412870                    /usr/lib/x86_64-linux-gnu/libstdc++.so.6.0.16
7fd1dd85a000-7fd1dd86f000 rw-p 00000000 00:00 0 
7fd1dd86f000-7fd1de35e000 r-xp 00000000 fc:00 656873                     /usr/lib/jvm/java-7-openjdk-amd64/jre/lib/amd64/server/libjvm.so
7fd1de35e000-7fd1de55d000 ---p 00aef000 fc:00 656873                     /usr/lib/jvm/java-7-openjdk-amd64/jre/lib/amd64/server/libjvm.so
7fd1de55d000-7fd1de5fe000 r--p 00aee000 fc:00 656873                     /usr/lib/jvm/java-7-openjdk-amd64/jre/lib/amd64/server/libjvm.so
7fd1de5fe000-7fd1de621000 rw-p 00b8f000 fc:00 656873                     /usr/lib/jvm/java-7-openjdk-amd64/jre/lib/amd64/server/libjvm.so
7fd1de621000-7fd1de64e000 rw-p 00000000 00:00 0 
7fd1de64e000-7fd1de664000 r-xp 00000000 fc:00 2752740                    /lib/x86_64-linux-gnu/libz.so.1.2.3.4
7fd1de664000-7fd1de863000 ---p 00016000 fc:00 2752740                    /lib/x86_64-linux-gnu/libz.so.1.2.3.4
7fd1de863000-7fd1de864000 r--p 00015000 fc:00 2752740                    /lib/x86_64-linux-gnu/libz.so.1.2.3.4
7fd1de864000-7fd1de865000 rw-p 00016000 fc:00 2752740                    /lib/x86_64-linux-gnu/libz.so.1.2.3.4
7fd1de865000-7fd1de87d000 r-xp 00000000 fc:00 2756615                    /lib/x86_64-linux-gnu/libpthread-2.15.so
7fd1de87d000-7fd1dea7c000 ---p 00018000 fc:00 2756615                    /lib/x86_64-linux-gnu/libpthread-2.15.so
7fd1dea7c000-7fd1dea7d000 r--p 00017000 fc:00 2756615                    /lib/x86_64-linux-gnu/libpthread-2.15.so
7fd1dea7d000-7fd1dea7e000 rw-p 00018000 fc:00 2756615                    /lib/x86_64-linux-gnu/libpthread-2.15.so
7fd1dea7e000-7fd1dea82000 rw-p 00000000 00:00 0 
7fd1dea82000-7fd1dea84000 r-xp 00000000 fc:00 2756628                    /lib/x86_64-linux-gnu/libdl-2.15.so
7fd1dea84000-7fd1dec84000 ---p 00002000 fc:00 2756628                    /lib/x86_64-linux-gnu/libdl-2.15.so
7fd1dec84000-7fd1dec85000 r--p 00002000 fc:00 2756628                    /lib/x86_64-linux-gnu/libdl-2.15.so
7fd1dec85000-7fd1dec86000 rw-p 00003000 fc:00 2756628                    /lib/x86_64-linux-gnu/libdl-2.15.so
7fd1dec86000-7fd1dee3a000 r-xp 00000000 fc:00 2756624                    /lib/x86_64-linux-gnu/libc-2.15.so
7fd1dee3a000-7fd1df039000 ---p 001b4000 fc:00 2756624                    /lib/x86_64-linux-gnu/libc-2.15.so
7fd1df039000-7fd1df03d000 r--p 001b3000 fc:00 2756624                    /lib/x86_64-linux-gnu/libc-2.15.so
7fd1df03d000-7fd1df03f000 rw-p 001b7000 fc:00 2756624                    /lib/x86_64-linux-gnu/libc-2.15.so
7fd1df03f000-7fd1df044000 rw-p 00000000 00:00 0 
7fd1df044000-7fd1df051000 r-xp 00000000 fc:00 656849                     /usr/lib/jvm/java-7-openjdk-amd64/jre/lib/amd64/jli/libjli.so
7fd1df051000-7fd1df250000 ---p 0000d000 fc:00 656849                     /usr/lib/jvm/java-7-openjdk-amd64/jre/lib/amd64/jli/libjli.so
7fd1df250000-7fd1df251000 r--p 0000c000 fc:00 656849                     /usr/lib/jvm/java-7-openjdk-amd64/jre/lib/amd64/jli/libjli.so
7fd1df251000-7fd1df252000 rw-p 0000d000 fc:00 656849                     /usr/lib/jvm/java-7-openjdk-amd64/jre/lib/amd64/jli/libjli.so
7fd1df252000-7fd1df274000 r-xp 00000000 fc:00 2756617                    /lib/x86_64-linux-gnu/ld-2.15.so
7fd1df27a000-7fd1df27b000 rw-p 00000000 00:00 0 
7fd1df27b000-7fd1df27e000 r--s 00020000 fc:00 3539522                    /usr/share/java/sikuli-script-1.0~x~rc3.tesseract3.jar
7fd1df27e000-7fd1df283000 r--s 0003a000 fc:00 3539493                    /usr/share/java/constantine-0.7.jar
7fd1df283000-7fd1df287000 r--s 00021000 fc:00 3539456                    /usr/share/java/antlr3-runtime-3.2.jar
7fd1df287000-7fd1df289000 r--s 00008000 fc:00 3539465                    /usr/share/java/asm3-commons-3.3.2.jar
7fd1df289000-7fd1df28a000 r--s 0000a000 fc:00 3539463                    /usr/share/java/asm3-3.3.2.jar
7fd1df28a000-7fd1df28d000 r--s 00029000 fc:00 3539501                    /usr/share/java/jna-posix-1.0.1.jar
7fd1df28d000-7fd1df290000 r--s 0001e000 fc:00 3539497                    /usr/share/java/jna-3.2.7.jar
7fd1df290000-7fd1df294000 r--s 0003c000 fc:00 656911                     /usr/lib/jvm/java-7-openjdk-amd64/jre/lib/ext/sunpkcs11.jar
7fd1df294000-7fd1df297000 r--s 0000f000 fc:00 656909                     /usr/lib/jvm/java-7-openjdk-amd64/jre/lib/ext/icedtea-sound.jar
7fd1df297000-7fd1df298000 r--s 00002000 fc:00 656914                     /usr/lib/jvm/java-7-openjdk-amd64/jre/lib/ext/dnsns.jar
7fd1df298000-7fd1df2a2000 rw-p 00000000 00:00 0 
7fd1df2a2000-7fd1df358000 rw-p 00000000 00:00 0 
7fd1df358000-7fd1df35b000 ---p 00000000 00:00 0 
7fd1df35b000-7fd1df45e000 rw-p 00000000 00:00 0 
7fd1df45e000-7fd1df461000 r--s 00086000 fc:00 656912                     /usr/lib/jvm/java-7-openjdk-amd64/jre/lib/ext/localedata.jar
7fd1df461000-7fd1df465000 r--s 00034000 fc:00 656913                     /usr/lib/jvm/java-7-openjdk-amd64/jre/lib/ext/sunjce_provider.jar
7fd1df465000-7fd1df467000 r--s 00012000 fc:00 656910                     /usr/lib/jvm/java-7-openjdk-amd64/jre/lib/ext/zipfs.jar
7fd1df467000-7fd1df468000 r--s 00007000 fc:00 3539403                    /usr/share/java/java-atk-wrapper.jar
7fd1df468000-7fd1df470000 rw-s 00000000 fc:00 4594185                    /tmp/hsperfdata_vagrant/5909
7fd1df470000-7fd1df471000 rw-p 00000000 00:00 0 
7fd1df471000-7fd1df472000 ---p 00000000 00:00 0 
7fd1df472000-7fd1df474000 rw-p 00000000 00:00 0 
7fd1df474000-7fd1df475000 r--p 00022000 fc:00 2756617                    /lib/x86_64-linux-gnu/ld-2.15.so
7fd1df475000-7fd1df477000 rw-p 00023000 fc:00 2756617                    /lib/x86_64-linux-gnu/ld-2.15.so
7fffcca34000-7fffcca55000 rw-p 00000000 00:00 0                          [stack]
7fffcca5c000-7fffcca5d000 r-xp 00000000 00:00 0                          [vdso]
ffffffffff600000-ffffffffff601000 r-xp 00000000 00:00 0                  [vsyscall]

VM Arguments:
jvm_args: -Dfile.encoding=UTF-8 -Dpython.home=/usr/share/jython -Dpython.path=/usr/share/sikuli/Lib -Dpython.cachedir=/home/vagrant/.jython-cache 
java_command: org.sikuli.script.SikuliScript /home/vagrant/linux_setup/sikuli/1_open_flex.sikuli
Launcher Type: SUN_STANDARD

Environment Variables:
PATH=/usr/lib/lightdm/lightdm:/usr/local/sbin:/usr/local/bin:/usr/sbin:/usr/bin:/sbin:/bin:/usr/games:/opt/vagrant_ruby/bin
SHELL=/bin/bash
DISPLAY=:0.0

Signal Handlers:
SIGSEGV: [libjvm.so+0x926e30], sa_mask[0]=0x7ffbfeff, sa_flags=0x10000004
SIGBUS: [libjvm.so+0x926e30], sa_mask[0]=0x7ffbfeff, sa_flags=0x10000004
SIGFPE: [libjvm.so+0x7a5d40], sa_mask[0]=0x7ffbfeff, sa_flags=0x10000004
SIGPIPE: [libjvm.so+0x7a5d40], sa_mask[0]=0x7ffbfeff, sa_flags=0x10000004
SIGXFSZ: [libjvm.so+0x7a5d40], sa_mask[0]=0x7ffbfeff, sa_flags=0x10000004
SIGILL: [libjvm.so+0x7a5d40], sa_mask[0]=0x7ffbfeff, sa_flags=0x10000004
SIGUSR1: SIG_DFL, sa_mask[0]=0x00000000, sa_flags=0x00000000
SIGUSR2: [libjvm.so+0x7a5f80], sa_mask[0]=0x00000000, sa_flags=0x10000004
SIGHUP: [libjvm.so+0x7a60f0], sa_mask[0]=0x7ffbfeff, sa_flags=0x10000004
SIGINT: [libjvm.so+0x7a60f0], sa_mask[0]=0x7ffbfeff, sa_flags=0x10000004
SIGTERM: [libjvm.so+0x7a60f0], sa_mask[0]=0x7ffbfeff, sa_flags=0x10000004
SIGQUIT: [libjvm.so+0x7a60f0], sa_mask[0]=0x7ffbfeff, sa_flags=0x10000004
SIGTRAP: SIG_DFL, sa_mask[0]=0x00000000, sa_flags=0x00000000


---------------  S Y S T E M  ---------------

OS:Ubuntu 12.04 (precise)
uname:Linux 3.2.0-87-generic #125-Ubuntu SMP Fri Jun 19 08:25:10 UTC 2015 x86_64
libc:glibc 2.15 NPTL 2.15 
rlimit: STACK 8192k, CORE 0k, NPROC 7821, NOFILE 4096, AS infinity
load average:2.04 1.17 0.59

/proc/meminfo:
MemTotal:        1019304 kB
MemFree:           49248 kB
Buffers:             100 kB
Cached:             3552 kB
SwapCached:         2620 kB
Active:           436596 kB
Inactive:         438656 kB
Active(anon):     435668 kB
Inactive(anon):   436060 kB
Active(file):        928 kB
Inactive(file):     2596 kB
Unevictable:          16 kB
Mlocked:              16 kB
SwapTotal:        786428 kB
SwapFree:              0 kB
Dirty:                 0 kB
Writeback:             4 kB
AnonPages:        869036 kB
Mapped:             1912 kB
Shmem:                88 kB
Slab:              36116 kB
SReclaimable:      14152 kB
SUnreclaim:        21964 kB
KernelStack:        4128 kB
PageTables:        30916 kB
NFS_Unstable:          0 kB
Bounce:                0 kB
WritebackTmp:          0 kB
CommitLimit:     1296080 kB
Committed_AS:    3241508 kB
VmallocTotal:   34359738367 kB
VmallocUsed:       25504 kB
VmallocChunk:   34359710012 kB
HardwareCorrupted:     0 kB
AnonHugePages:         0 kB
HugePages_Total:       0
HugePages_Free:        0
HugePages_Rsvd:        0
HugePages_Surp:        0
Hugepagesize:       2048 kB
DirectMap4k:       47040 kB
DirectMap2M:     1001472 kB


CPU:total 2 (2 cores per cpu, 1 threads per core) family 6 model 58 stepping 9, cmov, cx8, fxsr, mmx, sse, sse2, sse3, ssse3, tsc

/proc/cpuinfo:
processor	: 0
vendor_id	: GenuineIntel
cpu family	: 6
model		: 58
model name	: Intel(R) Core(TM) i7-3770 CPU @ 3.40GHz
stepping	: 9
microcode	: 0x19
cpu MHz		: 3392.302
cache size	: 6144 KB
physical id	: 0
siblings	: 2
core id		: 0
cpu cores	: 2
apicid		: 0
initial apicid	: 0
fpu		: yes
fpu_exception	: yes
cpuid level	: 5
wp		: yes
flags		: fpu vme de pse tsc msr pae mce cx8 apic sep mtrr pge mca cmov pat pse36 clflush mmx fxsr sse sse2 ht syscall nx rdtscp lm constant_tsc rep_good nopl pni ssse3 lahf_lm
bogomips	: 6784.60
clflush size	: 64
cache_alignment	: 64
address sizes	: 36 bits physical, 48 bits virtual
power management:

processor	: 1
vendor_id	: GenuineIntel
cpu family	: 6
model		: 58
model name	: Intel(R) Core(TM) i7-3770 CPU @ 3.40GHz
stepping	: 9
microcode	: 0x19
cpu MHz		: 3392.302
cache size	: 6144 KB
physical id	: 0
siblings	: 2
core id		: 1
cpu cores	: 2
apicid		: 1
initial apicid	: 1
fpu		: yes
fpu_exception	: yes
cpuid level	: 5
wp		: yes
flags		: fpu vme de pse tsc msr pae mce cx8 apic sep mtrr pge mca cmov pat pse36 clflush mmx fxsr sse sse2 ht syscall nx rdtscp lm constant_tsc rep_good nopl pni ssse3 lahf_lm
bogomips	: 6788.44
clflush size	: 64
cache_alignment	: 64
address sizes	: 36 bits physical, 48 bits virtual
power management:



Memory: 4k page, physical 1019304k(49784k free), swap 786428k(0k free)

vm_info: OpenJDK 64-Bit Server VM (24.79-b02) for linux-amd64 JRE (1.7.0_79-b14), built on Apr 16 2015 10:33:54 by "buildd" with gcc 4.6.3

time: Wed Jul 15 15:44:26 2015
elapsed time: 17 seconds

